
*** Running vivado
    with args -log blk_mem_gen_0.vds -m64 -product Vivado -mode batch -messageDb vivado.pb -notrace -source blk_mem_gen_0.tcl


****** Vivado v2017.4 (64-bit)
  **** SW Build 2086221 on Fri Dec 15 20:55:39 MST 2017
  **** IP Build 2085800 on Fri Dec 15 22:25:07 MST 2017
    ** Copyright 1986-2017 Xilinx, Inc. All Rights Reserved.

source blk_mem_gen_0.tcl -notrace
Command: synth_design -top blk_mem_gen_0 -part xc7z020clg484-1 -mode out_of_context
Starting synth_design
Attempting to get a license for feature 'Synthesis' and/or device 'xc7z020'
INFO: [Common 17-349] Got license for feature 'Synthesis' and/or device 'xc7z020'
INFO: Launching helper process for spawning children vivado processes
INFO: Helper process launched with PID 4284 
---------------------------------------------------------------------------------
Starting RTL Elaboration : Time (s): cpu = 00:00:09 ; elapsed = 00:00:09 . Memory (MB): peak = 362.375 ; gain = 100.758
---------------------------------------------------------------------------------
INFO: [Synth 8-638] synthesizing module 'blk_mem_gen_0' [e:/Proj_ZYNQ/CAM_VGA/CAM_VGA.srcs/sources_1/ip/blk_mem_gen_0/synth/blk_mem_gen_0.vhd:71]
	Parameter C_FAMILY bound to: zynq - type: string 
	Parameter C_XDEVICEFAMILY bound to: zynq - type: string 
	Parameter C_ELABORATION_DIR bound to: ./ - type: string 
	Parameter C_INTERFACE_TYPE bound to: 0 - type: integer 
	Parameter C_AXI_TYPE bound to: 1 - type: integer 
	Parameter C_AXI_SLAVE_TYPE bound to: 0 - type: integer 
	Parameter C_USE_BRAM_BLOCK bound to: 0 - type: integer 
	Parameter C_ENABLE_32BIT_ADDRESS bound to: 0 - type: integer 
	Parameter C_CTRL_ECC_ALGO bound to: NONE - type: string 
	Parameter C_HAS_AXI_ID bound to: 0 - type: integer 
	Parameter C_AXI_ID_WIDTH bound to: 4 - type: integer 
	Parameter C_MEM_TYPE bound to: 1 - type: integer 
	Parameter C_BYTE_SIZE bound to: 9 - type: integer 
	Parameter C_ALGORITHM bound to: 1 - type: integer 
	Parameter C_PRIM_TYPE bound to: 1 - type: integer 
	Parameter C_LOAD_INIT_FILE bound to: 0 - type: integer 
	Parameter C_INIT_FILE_NAME bound to: no_coe_file_loaded - type: string 
	Parameter C_INIT_FILE bound to: blk_mem_gen_0.mem - type: string 
	Parameter C_USE_DEFAULT_DATA bound to: 0 - type: integer 
	Parameter C_DEFAULT_DATA bound to: 0 - type: string 
	Parameter C_HAS_RSTA bound to: 0 - type: integer 
	Parameter C_RST_PRIORITY_A bound to: CE - type: string 
	Parameter C_RSTRAM_A bound to: 0 - type: integer 
	Parameter C_INITA_VAL bound to: 0 - type: string 
	Parameter C_HAS_ENA bound to: 0 - type: integer 
	Parameter C_HAS_REGCEA bound to: 0 - type: integer 
	Parameter C_USE_BYTE_WEA bound to: 0 - type: integer 
	Parameter C_WEA_WIDTH bound to: 1 - type: integer 
	Parameter C_WRITE_MODE_A bound to: NO_CHANGE - type: string 
	Parameter C_WRITE_WIDTH_A bound to: 48 - type: integer 
	Parameter C_READ_WIDTH_A bound to: 48 - type: integer 
	Parameter C_WRITE_DEPTH_A bound to: 102400 - type: integer 
	Parameter C_READ_DEPTH_A bound to: 102400 - type: integer 
	Parameter C_ADDRA_WIDTH bound to: 17 - type: integer 
	Parameter C_HAS_RSTB bound to: 0 - type: integer 
	Parameter C_RST_PRIORITY_B bound to: CE - type: string 
	Parameter C_RSTRAM_B bound to: 0 - type: integer 
	Parameter C_INITB_VAL bound to: 0 - type: string 
	Parameter C_HAS_ENB bound to: 0 - type: integer 
	Parameter C_HAS_REGCEB bound to: 0 - type: integer 
	Parameter C_USE_BYTE_WEB bound to: 0 - type: integer 
	Parameter C_WEB_WIDTH bound to: 1 - type: integer 
	Parameter C_WRITE_MODE_B bound to: WRITE_FIRST - type: string 
	Parameter C_WRITE_WIDTH_B bound to: 12 - type: integer 
	Parameter C_READ_WIDTH_B bound to: 12 - type: integer 
	Parameter C_WRITE_DEPTH_B bound to: 409600 - type: integer 
	Parameter C_READ_DEPTH_B bound to: 409600 - type: integer 
	Parameter C_ADDRB_WIDTH bound to: 19 - type: integer 
	Parameter C_HAS_MEM_OUTPUT_REGS_A bound to: 0 - type: integer 
	Parameter C_HAS_MEM_OUTPUT_REGS_B bound to: 0 - type: integer 
	Parameter C_HAS_MUX_OUTPUT_REGS_A bound to: 0 - type: integer 
	Parameter C_HAS_MUX_OUTPUT_REGS_B bound to: 0 - type: integer 
	Parameter C_MUX_PIPELINE_STAGES bound to: 0 - type: integer 
	Parameter C_HAS_SOFTECC_INPUT_REGS_A bound to: 0 - type: integer 
	Parameter C_HAS_SOFTECC_OUTPUT_REGS_B bound to: 0 - type: integer 
	Parameter C_USE_SOFTECC bound to: 0 - type: integer 
	Parameter C_USE_ECC bound to: 0 - type: integer 
	Parameter C_EN_ECC_PIPE bound to: 0 - type: integer 
	Parameter C_HAS_INJECTERR bound to: 0 - type: integer 
	Parameter C_SIM_COLLISION_CHECK bound to: ALL - type: string 
	Parameter C_COMMON_CLK bound to: 0 - type: integer 
	Parameter C_DISABLE_WARN_BHV_COLL bound to: 0 - type: integer 
	Parameter C_EN_SLEEP_PIN bound to: 0 - type: integer 
	Parameter C_USE_URAM bound to: 0 - type: integer 
	Parameter C_EN_RDADDRA_CHG bound to: 0 - type: integer 
	Parameter C_EN_RDADDRB_CHG bound to: 0 - type: integer 
	Parameter C_EN_DEEPSLEEP_PIN bound to: 0 - type: integer 
	Parameter C_EN_SHUTDOWN_PIN bound to: 0 - type: integer 
	Parameter C_EN_SAFETY_CKT bound to: 0 - type: integer 
	Parameter C_DISABLE_WARN_BHV_RANGE bound to: 0 - type: integer 
	Parameter C_COUNT_36K_BRAM bound to: 137 - type: string 
	Parameter C_COUNT_18K_BRAM bound to: 1 - type: string 
	Parameter C_EST_POWER_SUMMARY bound to: Estimated Power for IP     :     10.943806 mW - type: string 
INFO: [Synth 8-3491] module 'blk_mem_gen_v8_4_1' declared at 'e:/Proj_ZYNQ/CAM_VGA/CAM_VGA.srcs/sources_1/ip/blk_mem_gen_0/hdl/blk_mem_gen_v8_4_vhsyn_rfs.vhd:195313' bound to instance 'U0' of component 'blk_mem_gen_v8_4_1' [e:/Proj_ZYNQ/CAM_VGA/CAM_VGA.srcs/sources_1/ip/blk_mem_gen_0/synth/blk_mem_gen_0.vhd:237]
INFO: [Synth 8-256] done synthesizing module 'blk_mem_gen_0' (11#1) [e:/Proj_ZYNQ/CAM_VGA/CAM_VGA.srcs/sources_1/ip/blk_mem_gen_0/synth/blk_mem_gen_0.vhd:71]
WARNING: [Synth 8-3331] design blk_mem_gen_mux__parameterized0 has unconnected port MUX_RST[0]
WARNING: [Synth 8-3331] design blk_mem_gen_mux__parameterized0 has unconnected port MEM_LAT_RST
WARNING: [Synth 8-3331] design blk_mem_gen_mux__parameterized0 has unconnected port MEM_REG_RST
WARNING: [Synth 8-3331] design blk_mem_gen_mux__parameterized0 has unconnected port MUX_REGCE[0]
WARNING: [Synth 8-3331] design blk_mem_gen_mux__parameterized0 has unconnected port MEM_REGCE
WARNING: [Synth 8-3331] design blk_mem_gen_mux__parameterized0 has unconnected port WE
WARNING: [Synth 8-3331] design blk_mem_gen_mux__parameterized0 has unconnected port ADDR_IN[18]
WARNING: [Synth 8-3331] design blk_mem_gen_mux__parameterized0 has unconnected port ADDR_IN[17]
WARNING: [Synth 8-3331] design blk_mem_gen_mux__parameterized0 has unconnected port ADDR_IN[16]
WARNING: [Synth 8-3331] design blk_mem_gen_mux__parameterized0 has unconnected port ADDR_IN[15]
WARNING: [Synth 8-3331] design blk_mem_gen_mux__parameterized0 has unconnected port ADDR_IN[14]
WARNING: [Synth 8-3331] design blk_mem_gen_mux__parameterized0 has unconnected port ADDR_IN[13]
WARNING: [Synth 8-3331] design blk_mem_gen_mux__parameterized0 has unconnected port ADDR_IN[12]
WARNING: [Synth 8-3331] design blk_mem_gen_mux__parameterized0 has unconnected port ADDR_IN[11]
WARNING: [Synth 8-3331] design blk_mem_gen_mux__parameterized0 has unconnected port ADDR_IN[10]
WARNING: [Synth 8-3331] design blk_mem_gen_mux__parameterized0 has unconnected port ADDR_IN[9]
WARNING: [Synth 8-3331] design blk_mem_gen_mux__parameterized0 has unconnected port ADDR_IN[8]
WARNING: [Synth 8-3331] design blk_mem_gen_mux__parameterized0 has unconnected port ADDR_IN[7]
WARNING: [Synth 8-3331] design blk_mem_gen_mux__parameterized0 has unconnected port ADDR_IN[6]
WARNING: [Synth 8-3331] design blk_mem_gen_mux__parameterized0 has unconnected port ADDR_IN[5]
WARNING: [Synth 8-3331] design blk_mem_gen_mux__parameterized0 has unconnected port ADDR_IN[4]
WARNING: [Synth 8-3331] design blk_mem_gen_mux__parameterized0 has unconnected port ADDR_IN[3]
WARNING: [Synth 8-3331] design blk_mem_gen_mux__parameterized0 has unconnected port ADDR_IN[2]
WARNING: [Synth 8-3331] design blk_mem_gen_mux__parameterized0 has unconnected port ADDR_IN[1]
WARNING: [Synth 8-3331] design blk_mem_gen_mux__parameterized0 has unconnected port ADDR_IN[0]
WARNING: [Synth 8-3331] design blk_mem_gen_mux__parameterized0 has unconnected port SBITERRIN[1535]
WARNING: [Synth 8-3331] design blk_mem_gen_mux__parameterized0 has unconnected port SBITERRIN[1534]
WARNING: [Synth 8-3331] design blk_mem_gen_mux__parameterized0 has unconnected port SBITERRIN[1533]
WARNING: [Synth 8-3331] design blk_mem_gen_mux__parameterized0 has unconnected port SBITERRIN[1532]
WARNING: [Synth 8-3331] design blk_mem_gen_mux__parameterized0 has unconnected port SBITERRIN[1531]
WARNING: [Synth 8-3331] design blk_mem_gen_mux__parameterized0 has unconnected port SBITERRIN[1530]
WARNING: [Synth 8-3331] design blk_mem_gen_mux__parameterized0 has unconnected port SBITERRIN[1529]
WARNING: [Synth 8-3331] design blk_mem_gen_mux__parameterized0 has unconnected port SBITERRIN[1528]
WARNING: [Synth 8-3331] design blk_mem_gen_mux__parameterized0 has unconnected port SBITERRIN[1527]
WARNING: [Synth 8-3331] design blk_mem_gen_mux__parameterized0 has unconnected port SBITERRIN[1526]
WARNING: [Synth 8-3331] design blk_mem_gen_mux__parameterized0 has unconnected port SBITERRIN[1525]
WARNING: [Synth 8-3331] design blk_mem_gen_mux__parameterized0 has unconnected port SBITERRIN[1524]
WARNING: [Synth 8-3331] design blk_mem_gen_mux__parameterized0 has unconnected port SBITERRIN[1523]
WARNING: [Synth 8-3331] design blk_mem_gen_mux__parameterized0 has unconnected port SBITERRIN[1522]
WARNING: [Synth 8-3331] design blk_mem_gen_mux__parameterized0 has unconnected port SBITERRIN[1521]
WARNING: [Synth 8-3331] design blk_mem_gen_mux__parameterized0 has unconnected port SBITERRIN[1520]
WARNING: [Synth 8-3331] design blk_mem_gen_mux__parameterized0 has unconnected port SBITERRIN[1519]
WARNING: [Synth 8-3331] design blk_mem_gen_mux__parameterized0 has unconnected port SBITERRIN[1518]
WARNING: [Synth 8-3331] design blk_mem_gen_mux__parameterized0 has unconnected port SBITERRIN[1517]
WARNING: [Synth 8-3331] design blk_mem_gen_mux__parameterized0 has unconnected port SBITERRIN[1516]
WARNING: [Synth 8-3331] design blk_mem_gen_mux__parameterized0 has unconnected port SBITERRIN[1515]
WARNING: [Synth 8-3331] design blk_mem_gen_mux__parameterized0 has unconnected port SBITERRIN[1514]
WARNING: [Synth 8-3331] design blk_mem_gen_mux__parameterized0 has unconnected port SBITERRIN[1513]
WARNING: [Synth 8-3331] design blk_mem_gen_mux__parameterized0 has unconnected port SBITERRIN[1512]
WARNING: [Synth 8-3331] design blk_mem_gen_mux__parameterized0 has unconnected port SBITERRIN[1511]
WARNING: [Synth 8-3331] design blk_mem_gen_mux__parameterized0 has unconnected port SBITERRIN[1510]
WARNING: [Synth 8-3331] design blk_mem_gen_mux__parameterized0 has unconnected port SBITERRIN[1509]
WARNING: [Synth 8-3331] design blk_mem_gen_mux__parameterized0 has unconnected port SBITERRIN[1508]
WARNING: [Synth 8-3331] design blk_mem_gen_mux__parameterized0 has unconnected port SBITERRIN[1507]
WARNING: [Synth 8-3331] design blk_mem_gen_mux__parameterized0 has unconnected port SBITERRIN[1506]
WARNING: [Synth 8-3331] design blk_mem_gen_mux__parameterized0 has unconnected port SBITERRIN[1505]
WARNING: [Synth 8-3331] design blk_mem_gen_mux__parameterized0 has unconnected port SBITERRIN[1504]
WARNING: [Synth 8-3331] design blk_mem_gen_mux__parameterized0 has unconnected port SBITERRIN[1503]
WARNING: [Synth 8-3331] design blk_mem_gen_mux__parameterized0 has unconnected port SBITERRIN[1502]
WARNING: [Synth 8-3331] design blk_mem_gen_mux__parameterized0 has unconnected port SBITERRIN[1501]
WARNING: [Synth 8-3331] design blk_mem_gen_mux__parameterized0 has unconnected port SBITERRIN[1500]
WARNING: [Synth 8-3331] design blk_mem_gen_mux__parameterized0 has unconnected port SBITERRIN[1499]
WARNING: [Synth 8-3331] design blk_mem_gen_mux__parameterized0 has unconnected port SBITERRIN[1498]
WARNING: [Synth 8-3331] design blk_mem_gen_mux__parameterized0 has unconnected port SBITERRIN[1497]
WARNING: [Synth 8-3331] design blk_mem_gen_mux__parameterized0 has unconnected port SBITERRIN[1496]
WARNING: [Synth 8-3331] design blk_mem_gen_mux__parameterized0 has unconnected port SBITERRIN[1495]
WARNING: [Synth 8-3331] design blk_mem_gen_mux__parameterized0 has unconnected port SBITERRIN[1494]
WARNING: [Synth 8-3331] design blk_mem_gen_mux__parameterized0 has unconnected port SBITERRIN[1493]
WARNING: [Synth 8-3331] design blk_mem_gen_mux__parameterized0 has unconnected port SBITERRIN[1492]
WARNING: [Synth 8-3331] design blk_mem_gen_mux__parameterized0 has unconnected port SBITERRIN[1491]
WARNING: [Synth 8-3331] design blk_mem_gen_mux__parameterized0 has unconnected port SBITERRIN[1490]
WARNING: [Synth 8-3331] design blk_mem_gen_mux__parameterized0 has unconnected port SBITERRIN[1489]
WARNING: [Synth 8-3331] design blk_mem_gen_mux__parameterized0 has unconnected port SBITERRIN[1488]
WARNING: [Synth 8-3331] design blk_mem_gen_mux__parameterized0 has unconnected port SBITERRIN[1487]
WARNING: [Synth 8-3331] design blk_mem_gen_mux__parameterized0 has unconnected port SBITERRIN[1486]
WARNING: [Synth 8-3331] design blk_mem_gen_mux__parameterized0 has unconnected port SBITERRIN[1485]
WARNING: [Synth 8-3331] design blk_mem_gen_mux__parameterized0 has unconnected port SBITERRIN[1484]
WARNING: [Synth 8-3331] design blk_mem_gen_mux__parameterized0 has unconnected port SBITERRIN[1483]
WARNING: [Synth 8-3331] design blk_mem_gen_mux__parameterized0 has unconnected port SBITERRIN[1482]
WARNING: [Synth 8-3331] design blk_mem_gen_mux__parameterized0 has unconnected port SBITERRIN[1481]
WARNING: [Synth 8-3331] design blk_mem_gen_mux__parameterized0 has unconnected port SBITERRIN[1480]
WARNING: [Synth 8-3331] design blk_mem_gen_mux__parameterized0 has unconnected port SBITERRIN[1479]
WARNING: [Synth 8-3331] design blk_mem_gen_mux__parameterized0 has unconnected port SBITERRIN[1478]
WARNING: [Synth 8-3331] design blk_mem_gen_mux__parameterized0 has unconnected port SBITERRIN[1477]
WARNING: [Synth 8-3331] design blk_mem_gen_mux__parameterized0 has unconnected port SBITERRIN[1476]
WARNING: [Synth 8-3331] design blk_mem_gen_mux__parameterized0 has unconnected port SBITERRIN[1475]
WARNING: [Synth 8-3331] design blk_mem_gen_mux__parameterized0 has unconnected port SBITERRIN[1474]
WARNING: [Synth 8-3331] design blk_mem_gen_mux__parameterized0 has unconnected port SBITERRIN[1473]
WARNING: [Synth 8-3331] design blk_mem_gen_mux__parameterized0 has unconnected port SBITERRIN[1472]
WARNING: [Synth 8-3331] design blk_mem_gen_mux__parameterized0 has unconnected port SBITERRIN[1471]
WARNING: [Synth 8-3331] design blk_mem_gen_mux__parameterized0 has unconnected port SBITERRIN[1470]
WARNING: [Synth 8-3331] design blk_mem_gen_mux__parameterized0 has unconnected port SBITERRIN[1469]
WARNING: [Synth 8-3331] design blk_mem_gen_mux__parameterized0 has unconnected port SBITERRIN[1468]
WARNING: [Synth 8-3331] design blk_mem_gen_mux__parameterized0 has unconnected port SBITERRIN[1467]
WARNING: [Synth 8-3331] design blk_mem_gen_mux__parameterized0 has unconnected port SBITERRIN[1466]
WARNING: [Synth 8-3331] design blk_mem_gen_mux__parameterized0 has unconnected port SBITERRIN[1465]
WARNING: [Synth 8-3331] design blk_mem_gen_mux__parameterized0 has unconnected port SBITERRIN[1464]
WARNING: [Synth 8-3331] design blk_mem_gen_mux__parameterized0 has unconnected port SBITERRIN[1463]
WARNING: [Synth 8-3331] design blk_mem_gen_mux__parameterized0 has unconnected port SBITERRIN[1462]
WARNING: [Synth 8-3331] design blk_mem_gen_mux__parameterized0 has unconnected port SBITERRIN[1461]
INFO: [Common 17-14] Message 'Synth 8-3331' appears 100 times and further instances of the messages will be disabled. Use the Tcl command set_msg_config to change the current settings.
---------------------------------------------------------------------------------
Finished RTL Elaboration : Time (s): cpu = 00:06:31 ; elapsed = 00:06:33 . Memory (MB): peak = 720.863 ; gain = 459.246
---------------------------------------------------------------------------------

Report Check Netlist: 
+------+------------------+-------+---------+-------+------------------+
|      |Item              |Errors |Warnings |Status |Description       |
+------+------------------+-------+---------+-------+------------------+
|1     |multi_driven_nets |      0|        0|Passed |Multi driven nets |
+------+------------------+-------+---------+-------+------------------+
---------------------------------------------------------------------------------
Finished RTL Optimization Phase 1 : Time (s): cpu = 00:06:31 ; elapsed = 00:06:33 . Memory (MB): peak = 720.863 ; gain = 459.246
---------------------------------------------------------------------------------
INFO: [Netlist 29-17] Analyzing 138 Unisim elements for replacement
INFO: [Netlist 29-28] Unisim Transformation completed in 0 CPU seconds
INFO: [Device 21-403] Loading part xc7z020clg484-1
INFO: [Project 1-570] Preparing netlist for logic optimization

Processing XDC Constraints
Initializing timing engine
Parsing XDC File [e:/Proj_ZYNQ/CAM_VGA/CAM_VGA.srcs/sources_1/ip/blk_mem_gen_0/blk_mem_gen_0_ooc.xdc] for cell 'U0'
Finished Parsing XDC File [e:/Proj_ZYNQ/CAM_VGA/CAM_VGA.srcs/sources_1/ip/blk_mem_gen_0/blk_mem_gen_0_ooc.xdc] for cell 'U0'
Parsing XDC File [E:/Proj_ZYNQ/CAM_VGA/CAM_VGA.runs/blk_mem_gen_0_synth_1/dont_touch.xdc]
Finished Parsing XDC File [E:/Proj_ZYNQ/CAM_VGA/CAM_VGA.runs/blk_mem_gen_0_synth_1/dont_touch.xdc]
Completed Processing XDC Constraints

INFO: [Project 1-111] Unisim Transformation Summary:
No Unisim elements were transformed.

Constraint Validation Runtime : Time (s): cpu = 00:00:00 ; elapsed = 00:00:00.043 . Memory (MB): peak = 879.945 ; gain = 0.000
---------------------------------------------------------------------------------
Finished Constraint Validation : Time (s): cpu = 00:06:48 ; elapsed = 00:06:51 . Memory (MB): peak = 880.043 ; gain = 618.426
---------------------------------------------------------------------------------
---------------------------------------------------------------------------------
Start Loading Part and Timing Information
---------------------------------------------------------------------------------
Loading part: xc7z020clg484-1
---------------------------------------------------------------------------------
Finished Loading Part and Timing Information : Time (s): cpu = 00:06:48 ; elapsed = 00:06:51 . Memory (MB): peak = 880.043 ; gain = 618.426
---------------------------------------------------------------------------------
---------------------------------------------------------------------------------
Start Applying 'set_property' XDC Constraints
---------------------------------------------------------------------------------
Applied set_property DONT_TOUCH = true for U0. (constraint file  E:/Proj_ZYNQ/CAM_VGA/CAM_VGA.runs/blk_mem_gen_0_synth_1/dont_touch.xdc, line 9).
---------------------------------------------------------------------------------
Finished applying 'set_property' XDC Constraints : Time (s): cpu = 00:06:48 ; elapsed = 00:06:51 . Memory (MB): peak = 880.043 ; gain = 618.426
---------------------------------------------------------------------------------
---------------------------------------------------------------------------------
Finished RTL Optimization Phase 2 : Time (s): cpu = 00:06:53 ; elapsed = 00:06:56 . Memory (MB): peak = 880.043 ; gain = 618.426
---------------------------------------------------------------------------------

Report RTL Partitions: 
+-+--------------+------------+----------+
| |RTL Partition |Replication |Instances |
+-+--------------+------------+----------+
+-+--------------+------------+----------+
---------------------------------------------------------------------------------
Start RTL Component Statistics 
---------------------------------------------------------------------------------
Detailed RTL Component Info : 
+---Registers : 
	                7 Bit    Registers := 2     
+---Muxes : 
	   2 Input      1 Bit        Muxes := 256   
---------------------------------------------------------------------------------
Finished RTL Component Statistics 
---------------------------------------------------------------------------------
---------------------------------------------------------------------------------
Start RTL Hierarchical Component Statistics 
---------------------------------------------------------------------------------
Hierarchical RTL Component report 
Module bindec 
Detailed RTL Component Info : 
+---Muxes : 
	   2 Input      1 Bit        Muxes := 128   
Module blk_mem_gen_mux 
Detailed RTL Component Info : 
+---Registers : 
	                7 Bit    Registers := 1     
Module blk_mem_gen_mux__parameterized0 
Detailed RTL Component Info : 
+---Registers : 
	                7 Bit    Registers := 1     
---------------------------------------------------------------------------------
Finished RTL Hierarchical Component Statistics
---------------------------------------------------------------------------------
---------------------------------------------------------------------------------
Start Part Resource Summary
---------------------------------------------------------------------------------
Part Resources:
DSPs: 220 (col length:60)
BRAMs: 280 (col length: RAMB18 60 RAMB36 30)
---------------------------------------------------------------------------------
Finished Part Resource Summary
---------------------------------------------------------------------------------
---------------------------------------------------------------------------------
Start Cross Boundary and Area Optimization
---------------------------------------------------------------------------------
INFO: [Synth 8-5546] ROM "inst_blk_mem_gen/gnbram.gnativebmg.native_blk_mem_gen/valid.cstr/bindec_b.bindec_inst_b/ENOUT" won't be mapped to RAM because it is too sparse
INFO: [Synth 8-5546] ROM "inst_blk_mem_gen/gnbram.gnativebmg.native_blk_mem_gen/valid.cstr/bindec_b.bindec_inst_b/ENOUT" won't be mapped to RAM because it is too sparse
INFO: [Synth 8-5546] ROM "inst_blk_mem_gen/gnbram.gnativebmg.native_blk_mem_gen/valid.cstr/bindec_b.bindec_inst_b/ENOUT" won't be mapped to RAM because it is too sparse
INFO: [Synth 8-5546] ROM "inst_blk_mem_gen/gnbram.gnativebmg.native_blk_mem_gen/valid.cstr/bindec_b.bindec_inst_b/ENOUT" won't be mapped to RAM because it is too sparse
INFO: [Synth 8-5546] ROM "inst_blk_mem_gen/gnbram.gnativebmg.native_blk_mem_gen/valid.cstr/bindec_b.bindec_inst_b/ENOUT" won't be mapped to RAM because it is too sparse
INFO: [Synth 8-5546] ROM "inst_blk_mem_gen/gnbram.gnativebmg.native_blk_mem_gen/valid.cstr/bindec_b.bindec_inst_b/ENOUT" won't be mapped to RAM because it is too sparse
INFO: [Synth 8-5546] ROM "inst_blk_mem_gen/gnbram.gnativebmg.native_blk_mem_gen/valid.cstr/bindec_b.bindec_inst_b/ENOUT" won't be mapped to RAM because it is too sparse
INFO: [Synth 8-5546] ROM "inst_blk_mem_gen/gnbram.gnativebmg.native_blk_mem_gen/valid.cstr/bindec_b.bindec_inst_b/ENOUT" won't be mapped to RAM because it is too sparse
INFO: [Synth 8-5546] ROM "inst_blk_mem_gen/gnbram.gnativebmg.native_blk_mem_gen/valid.cstr/bindec_b.bindec_inst_b/ENOUT" won't be mapped to RAM because it is too sparse
INFO: [Synth 8-5546] ROM "inst_blk_mem_gen/gnbram.gnativebmg.native_blk_mem_gen/valid.cstr/bindec_b.bindec_inst_b/ENOUT" won't be mapped to RAM because it is too sparse
INFO: [Synth 8-5546] ROM "inst_blk_mem_gen/gnbram.gnativebmg.native_blk_mem_gen/valid.cstr/bindec_b.bindec_inst_b/ENOUT" won't be mapped to RAM because it is too sparse
INFO: [Synth 8-5546] ROM "inst_blk_mem_gen/gnbram.gnativebmg.native_blk_mem_gen/valid.cstr/bindec_b.bindec_inst_b/ENOUT" won't be mapped to RAM because it is too sparse
INFO: [Synth 8-5546] ROM "inst_blk_mem_gen/gnbram.gnativebmg.native_blk_mem_gen/valid.cstr/bindec_b.bindec_inst_b/ENOUT" won't be mapped to RAM because it is too sparse
INFO: [Synth 8-5546] ROM "inst_blk_mem_gen/gnbram.gnativebmg.native_blk_mem_gen/valid.cstr/bindec_b.bindec_inst_b/ENOUT" won't be mapped to RAM because it is too sparse
INFO: [Synth 8-5546] ROM "inst_blk_mem_gen/gnbram.gnativebmg.native_blk_mem_gen/valid.cstr/bindec_b.bindec_inst_b/ENOUT" won't be mapped to RAM because it is too sparse
INFO: [Synth 8-5546] ROM "inst_blk_mem_gen/gnbram.gnativebmg.native_blk_mem_gen/valid.cstr/bindec_b.bindec_inst_b/ENOUT" won't be mapped to RAM because it is too sparse
INFO: [Synth 8-5546] ROM "inst_blk_mem_gen/gnbram.gnativebmg.native_blk_mem_gen/valid.cstr/bindec_b.bindec_inst_b/ENOUT" won't be mapped to RAM because it is too sparse
INFO: [Synth 8-5546] ROM "inst_blk_mem_gen/gnbram.gnativebmg.native_blk_mem_gen/valid.cstr/bindec_b.bindec_inst_b/ENOUT" won't be mapped to RAM because it is too sparse
INFO: [Synth 8-5546] ROM "inst_blk_mem_gen/gnbram.gnativebmg.native_blk_mem_gen/valid.cstr/bindec_b.bindec_inst_b/ENOUT" won't be mapped to RAM because it is too sparse
INFO: [Synth 8-5546] ROM "inst_blk_mem_gen/gnbram.gnativebmg.native_blk_mem_gen/valid.cstr/bindec_b.bindec_inst_b/ENOUT" won't be mapped to RAM because it is too sparse
INFO: [Synth 8-5546] ROM "inst_blk_mem_gen/gnbram.gnativebmg.native_blk_mem_gen/valid.cstr/bindec_b.bindec_inst_b/ENOUT" won't be mapped to RAM because it is too sparse
INFO: [Synth 8-5546] ROM "inst_blk_mem_gen/gnbram.gnativebmg.native_blk_mem_gen/valid.cstr/bindec_b.bindec_inst_b/ENOUT" won't be mapped to RAM because it is too sparse
INFO: [Synth 8-5546] ROM "inst_blk_mem_gen/gnbram.gnativebmg.native_blk_mem_gen/valid.cstr/bindec_b.bindec_inst_b/ENOUT" won't be mapped to RAM because it is too sparse
INFO: [Synth 8-5546] ROM "inst_blk_mem_gen/gnbram.gnativebmg.native_blk_mem_gen/valid.cstr/bindec_b.bindec_inst_b/ENOUT" won't be mapped to RAM because it is too sparse
INFO: [Synth 8-5546] ROM "inst_blk_mem_gen/gnbram.gnativebmg.native_blk_mem_gen/valid.cstr/bindec_b.bindec_inst_b/ENOUT" won't be mapped to RAM because it is too sparse
INFO: [Synth 8-5546] ROM "inst_blk_mem_gen/gnbram.gnativebmg.native_blk_mem_gen/valid.cstr/bindec_b.bindec_inst_b/ENOUT" won't be mapped to RAM because it is too sparse
INFO: [Synth 8-5546] ROM "inst_blk_mem_gen/gnbram.gnativebmg.native_blk_mem_gen/valid.cstr/bindec_b.bindec_inst_b/ENOUT" won't be mapped to RAM because it is too sparse
INFO: [Synth 8-5546] ROM "inst_blk_mem_gen/gnbram.gnativebmg.native_blk_mem_gen/valid.cstr/bindec_b.bindec_inst_b/ENOUT" won't be mapped to RAM because it is too sparse
INFO: [Synth 8-5546] ROM "inst_blk_mem_gen/gnbram.gnativebmg.native_blk_mem_gen/valid.cstr/bindec_b.bindec_inst_b/ENOUT" won't be mapped to RAM because it is too sparse
INFO: [Synth 8-5546] ROM "inst_blk_mem_gen/gnbram.gnativebmg.native_blk_mem_gen/valid.cstr/bindec_b.bindec_inst_b/ENOUT" won't be mapped to RAM because it is too sparse
INFO: [Synth 8-5546] ROM "inst_blk_mem_gen/gnbram.gnativebmg.native_blk_mem_gen/valid.cstr/bindec_b.bindec_inst_b/ENOUT" won't be mapped to RAM because it is too sparse
INFO: [Synth 8-5546] ROM "inst_blk_mem_gen/gnbram.gnativebmg.native_blk_mem_gen/valid.cstr/bindec_b.bindec_inst_b/ENOUT" won't be mapped to RAM because it is too sparse
INFO: [Synth 8-5546] ROM "inst_blk_mem_gen/gnbram.gnativebmg.native_blk_mem_gen/valid.cstr/bindec_b.bindec_inst_b/ENOUT" won't be mapped to RAM because it is too sparse
INFO: [Synth 8-5546] ROM "inst_blk_mem_gen/gnbram.gnativebmg.native_blk_mem_gen/valid.cstr/bindec_b.bindec_inst_b/ENOUT" won't be mapped to RAM because it is too sparse
INFO: [Synth 8-5546] ROM "inst_blk_mem_gen/gnbram.gnativebmg.native_blk_mem_gen/valid.cstr/bindec_b.bindec_inst_b/ENOUT" won't be mapped to RAM because it is too sparse
INFO: [Synth 8-5546] ROM "inst_blk_mem_gen/gnbram.gnativebmg.native_blk_mem_gen/valid.cstr/bindec_b.bindec_inst_b/ENOUT" won't be mapped to RAM because it is too sparse
INFO: [Synth 8-5546] ROM "inst_blk_mem_gen/gnbram.gnativebmg.native_blk_mem_gen/valid.cstr/bindec_b.bindec_inst_b/ENOUT" won't be mapped to RAM because it is too sparse
INFO: [Synth 8-5546] ROM "inst_blk_mem_gen/gnbram.gnativebmg.native_blk_mem_gen/valid.cstr/bindec_b.bindec_inst_b/ENOUT" won't be mapped to RAM because it is too sparse
INFO: [Synth 8-5546] ROM "inst_blk_mem_gen/gnbram.gnativebmg.native_blk_mem_gen/valid.cstr/bindec_b.bindec_inst_b/ENOUT" won't be mapped to RAM because it is too sparse
INFO: [Synth 8-5546] ROM "inst_blk_mem_gen/gnbram.gnativebmg.native_blk_mem_gen/valid.cstr/bindec_b.bindec_inst_b/ENOUT" won't be mapped to RAM because it is too sparse
INFO: [Synth 8-5546] ROM "inst_blk_mem_gen/gnbram.gnativebmg.native_blk_mem_gen/valid.cstr/bindec_b.bindec_inst_b/ENOUT" won't be mapped to RAM because it is too sparse
INFO: [Synth 8-5546] ROM "inst_blk_mem_gen/gnbram.gnativebmg.native_blk_mem_gen/valid.cstr/bindec_b.bindec_inst_b/ENOUT" won't be mapped to RAM because it is too sparse
INFO: [Synth 8-5546] ROM "inst_blk_mem_gen/gnbram.gnativebmg.native_blk_mem_gen/valid.cstr/bindec_b.bindec_inst_b/ENOUT" won't be mapped to RAM because it is too sparse
INFO: [Synth 8-5546] ROM "inst_blk_mem_gen/gnbram.gnativebmg.native_blk_mem_gen/valid.cstr/bindec_b.bindec_inst_b/ENOUT" won't be mapped to RAM because it is too sparse
INFO: [Synth 8-5546] ROM "inst_blk_mem_gen/gnbram.gnativebmg.native_blk_mem_gen/valid.cstr/bindec_b.bindec_inst_b/ENOUT" won't be mapped to RAM because it is too sparse
INFO: [Synth 8-5546] ROM "inst_blk_mem_gen/gnbram.gnativebmg.native_blk_mem_gen/valid.cstr/bindec_b.bindec_inst_b/ENOUT" won't be mapped to RAM because it is too sparse
INFO: [Synth 8-5546] ROM "inst_blk_mem_gen/gnbram.gnativebmg.native_blk_mem_gen/valid.cstr/bindec_b.bindec_inst_b/ENOUT" won't be mapped to RAM because it is too sparse
INFO: [Synth 8-5546] ROM "inst_blk_mem_gen/gnbram.gnativebmg.native_blk_mem_gen/valid.cstr/bindec_b.bindec_inst_b/ENOUT" won't be mapped to RAM because it is too sparse
INFO: [Synth 8-5546] ROM "inst_blk_mem_gen/gnbram.gnativebmg.native_blk_mem_gen/valid.cstr/bindec_b.bindec_inst_b/ENOUT" won't be mapped to RAM because it is too sparse
INFO: [Synth 8-5546] ROM "inst_blk_mem_gen/gnbram.gnativebmg.native_blk_mem_gen/valid.cstr/bindec_b.bindec_inst_b/ENOUT" won't be mapped to RAM because it is too sparse
INFO: [Synth 8-5546] ROM "inst_blk_mem_gen/gnbram.gnativebmg.native_blk_mem_gen/valid.cstr/bindec_b.bindec_inst_b/ENOUT" won't be mapped to RAM because it is too sparse
INFO: [Synth 8-5546] ROM "inst_blk_mem_gen/gnbram.gnativebmg.native_blk_mem_gen/valid.cstr/bindec_b.bindec_inst_b/ENOUT" won't be mapped to RAM because it is too sparse
INFO: [Synth 8-5546] ROM "inst_blk_mem_gen/gnbram.gnativebmg.native_blk_mem_gen/valid.cstr/bindec_b.bindec_inst_b/ENOUT" won't be mapped to RAM because it is too sparse
INFO: [Synth 8-5546] ROM "inst_blk_mem_gen/gnbram.gnativebmg.native_blk_mem_gen/valid.cstr/bindec_b.bindec_inst_b/ENOUT" won't be mapped to RAM because it is too sparse
INFO: [Synth 8-5546] ROM "inst_blk_mem_gen/gnbram.gnativebmg.native_blk_mem_gen/valid.cstr/bindec_b.bindec_inst_b/ENOUT" won't be mapped to RAM because it is too sparse
INFO: [Synth 8-5546] ROM "inst_blk_mem_gen/gnbram.gnativebmg.native_blk_mem_gen/valid.cstr/bindec_b.bindec_inst_b/ENOUT" won't be mapped to RAM because it is too sparse
INFO: [Synth 8-5546] ROM "inst_blk_mem_gen/gnbram.gnativebmg.native_blk_mem_gen/valid.cstr/bindec_b.bindec_inst_b/ENOUT" won't be mapped to RAM because it is too sparse
INFO: [Synth 8-5546] ROM "inst_blk_mem_gen/gnbram.gnativebmg.native_blk_mem_gen/valid.cstr/bindec_b.bindec_inst_b/ENOUT" won't be mapped to RAM because it is too sparse
INFO: [Synth 8-5546] ROM "inst_blk_mem_gen/gnbram.gnativebmg.native_blk_mem_gen/valid.cstr/bindec_b.bindec_inst_b/ENOUT" won't be mapped to RAM because it is too sparse
INFO: [Synth 8-5546] ROM "inst_blk_mem_gen/gnbram.gnativebmg.native_blk_mem_gen/valid.cstr/bindec_b.bindec_inst_b/ENOUT" won't be mapped to RAM because it is too sparse
INFO: [Synth 8-5546] ROM "inst_blk_mem_gen/gnbram.gnativebmg.native_blk_mem_gen/valid.cstr/bindec_b.bindec_inst_b/ENOUT" won't be mapped to RAM because it is too sparse
INFO: [Synth 8-5546] ROM "inst_blk_mem_gen/gnbram.gnativebmg.native_blk_mem_gen/valid.cstr/bindec_b.bindec_inst_b/ENOUT" won't be mapped to RAM because it is too sparse
INFO: [Synth 8-5546] ROM "inst_blk_mem_gen/gnbram.gnativebmg.native_blk_mem_gen/valid.cstr/bindec_b.bindec_inst_b/ENOUT" won't be mapped to RAM because it is too sparse
INFO: [Synth 8-5546] ROM "inst_blk_mem_gen/gnbram.gnativebmg.native_blk_mem_gen/valid.cstr/bindec_b.bindec_inst_b/ENOUT" won't be mapped to RAM because it is too sparse
INFO: [Synth 8-5546] ROM "inst_blk_mem_gen/gnbram.gnativebmg.native_blk_mem_gen/valid.cstr/bindec_b.bindec_inst_b/ENOUT" won't be mapped to RAM because it is too sparse
INFO: [Synth 8-5546] ROM "inst_blk_mem_gen/gnbram.gnativebmg.native_blk_mem_gen/valid.cstr/bindec_b.bindec_inst_b/ENOUT" won't be mapped to RAM because it is too sparse
INFO: [Synth 8-5546] ROM "inst_blk_mem_gen/gnbram.gnativebmg.native_blk_mem_gen/valid.cstr/bindec_b.bindec_inst_b/ENOUT" won't be mapped to RAM because it is too sparse
INFO: [Synth 8-5546] ROM "inst_blk_mem_gen/gnbram.gnativebmg.native_blk_mem_gen/valid.cstr/bindec_b.bindec_inst_b/ENOUT" won't be mapped to RAM because it is too sparse
INFO: [Synth 8-5546] ROM "inst_blk_mem_gen/gnbram.gnativebmg.native_blk_mem_gen/valid.cstr/bindec_b.bindec_inst_b/ENOUT" won't be mapped to RAM because it is too sparse
INFO: [Synth 8-5546] ROM "inst_blk_mem_gen/gnbram.gnativebmg.native_blk_mem_gen/valid.cstr/bindec_b.bindec_inst_b/ENOUT" won't be mapped to RAM because it is too sparse
INFO: [Synth 8-5546] ROM "inst_blk_mem_gen/gnbram.gnativebmg.native_blk_mem_gen/valid.cstr/bindec_b.bindec_inst_b/ENOUT" won't be mapped to RAM because it is too sparse
INFO: [Synth 8-5546] ROM "inst_blk_mem_gen/gnbram.gnativebmg.native_blk_mem_gen/valid.cstr/bindec_b.bindec_inst_b/ENOUT" won't be mapped to RAM because it is too sparse
INFO: [Synth 8-5546] ROM "inst_blk_mem_gen/gnbram.gnativebmg.native_blk_mem_gen/valid.cstr/bindec_b.bindec_inst_b/ENOUT" won't be mapped to RAM because it is too sparse
INFO: [Synth 8-5546] ROM "inst_blk_mem_gen/gnbram.gnativebmg.native_blk_mem_gen/valid.cstr/bindec_b.bindec_inst_b/ENOUT" won't be mapped to RAM because it is too sparse
INFO: [Synth 8-5546] ROM "inst_blk_mem_gen/gnbram.gnativebmg.native_blk_mem_gen/valid.cstr/bindec_b.bindec_inst_b/ENOUT" won't be mapped to RAM because it is too sparse
INFO: [Synth 8-5546] ROM "inst_blk_mem_gen/gnbram.gnativebmg.native_blk_mem_gen/valid.cstr/bindec_b.bindec_inst_b/ENOUT" won't be mapped to RAM because it is too sparse
INFO: [Synth 8-5546] ROM "inst_blk_mem_gen/gnbram.gnativebmg.native_blk_mem_gen/valid.cstr/bindec_b.bindec_inst_b/ENOUT" won't be mapped to RAM because it is too sparse
INFO: [Synth 8-5546] ROM "inst_blk_mem_gen/gnbram.gnativebmg.native_blk_mem_gen/valid.cstr/bindec_b.bindec_inst_b/ENOUT" won't be mapped to RAM because it is too sparse
INFO: [Synth 8-5546] ROM "inst_blk_mem_gen/gnbram.gnativebmg.native_blk_mem_gen/valid.cstr/bindec_b.bindec_inst_b/ENOUT" won't be mapped to RAM because it is too sparse
INFO: [Synth 8-5546] ROM "inst_blk_mem_gen/gnbram.gnativebmg.native_blk_mem_gen/valid.cstr/bindec_b.bindec_inst_b/ENOUT" won't be mapped to RAM because it is too sparse
INFO: [Synth 8-5546] ROM "inst_blk_mem_gen/gnbram.gnativebmg.native_blk_mem_gen/valid.cstr/bindec_b.bindec_inst_b/ENOUT" won't be mapped to RAM because it is too sparse
INFO: [Synth 8-5546] ROM "inst_blk_mem_gen/gnbram.gnativebmg.native_blk_mem_gen/valid.cstr/bindec_b.bindec_inst_b/ENOUT" won't be mapped to RAM because it is too sparse
INFO: [Synth 8-5546] ROM "inst_blk_mem_gen/gnbram.gnativebmg.native_blk_mem_gen/valid.cstr/bindec_b.bindec_inst_b/ENOUT" won't be mapped to RAM because it is too sparse
INFO: [Synth 8-5546] ROM "inst_blk_mem_gen/gnbram.gnativebmg.native_blk_mem_gen/valid.cstr/bindec_b.bindec_inst_b/ENOUT" won't be mapped to RAM because it is too sparse
INFO: [Synth 8-5546] ROM "inst_blk_mem_gen/gnbram.gnativebmg.native_blk_mem_gen/valid.cstr/bindec_b.bindec_inst_b/ENOUT" won't be mapped to RAM because it is too sparse
INFO: [Synth 8-5546] ROM "inst_blk_mem_gen/gnbram.gnativebmg.native_blk_mem_gen/valid.cstr/bindec_b.bindec_inst_b/ENOUT" won't be mapped to RAM because it is too sparse
INFO: [Synth 8-5546] ROM "inst_blk_mem_gen/gnbram.gnativebmg.native_blk_mem_gen/valid.cstr/bindec_b.bindec_inst_b/ENOUT" won't be mapped to RAM because it is too sparse
INFO: [Synth 8-5546] ROM "inst_blk_mem_gen/gnbram.gnativebmg.native_blk_mem_gen/valid.cstr/bindec_b.bindec_inst_b/ENOUT" won't be mapped to RAM because it is too sparse
INFO: [Synth 8-5546] ROM "inst_blk_mem_gen/gnbram.gnativebmg.native_blk_mem_gen/valid.cstr/bindec_b.bindec_inst_b/ENOUT" won't be mapped to RAM because it is too sparse
INFO: [Synth 8-5546] ROM "inst_blk_mem_gen/gnbram.gnativebmg.native_blk_mem_gen/valid.cstr/bindec_b.bindec_inst_b/ENOUT" won't be mapped to RAM because it is too sparse
INFO: [Synth 8-5546] ROM "inst_blk_mem_gen/gnbram.gnativebmg.native_blk_mem_gen/valid.cstr/bindec_b.bindec_inst_b/ENOUT" won't be mapped to RAM because it is too sparse
INFO: [Synth 8-5546] ROM "inst_blk_mem_gen/gnbram.gnativebmg.native_blk_mem_gen/valid.cstr/bindec_b.bindec_inst_b/ENOUT" won't be mapped to RAM because it is too sparse
INFO: [Synth 8-5546] ROM "inst_blk_mem_gen/gnbram.gnativebmg.native_blk_mem_gen/valid.cstr/bindec_b.bindec_inst_b/ENOUT" won't be mapped to RAM because it is too sparse
INFO: [Synth 8-5546] ROM "inst_blk_mem_gen/gnbram.gnativebmg.native_blk_mem_gen/valid.cstr/bindec_b.bindec_inst_b/ENOUT" won't be mapped to RAM because it is too sparse
INFO: [Synth 8-5546] ROM "inst_blk_mem_gen/gnbram.gnativebmg.native_blk_mem_gen/valid.cstr/bindec_b.bindec_inst_b/ENOUT" won't be mapped to RAM because it is too sparse
INFO: [Synth 8-5546] ROM "inst_blk_mem_gen/gnbram.gnativebmg.native_blk_mem_gen/valid.cstr/bindec_b.bindec_inst_b/ENOUT" won't be mapped to RAM because it is too sparse
INFO: [Synth 8-5546] ROM "inst_blk_mem_gen/gnbram.gnativebmg.native_blk_mem_gen/valid.cstr/bindec_b.bindec_inst_b/ENOUT" won't be mapped to RAM because it is too sparse
INFO: [Synth 8-5546] ROM "inst_blk_mem_gen/gnbram.gnativebmg.native_blk_mem_gen/valid.cstr/bindec_b.bindec_inst_b/ENOUT" won't be mapped to RAM because it is too sparse
INFO: [Synth 8-5546] ROM "inst_blk_mem_gen/gnbram.gnativebmg.native_blk_mem_gen/valid.cstr/bindec_b.bindec_inst_b/ENOUT" won't be mapped to RAM because it is too sparse
INFO: [Synth 8-5546] ROM "inst_blk_mem_gen/gnbram.gnativebmg.native_blk_mem_gen/valid.cstr/bindec_b.bindec_inst_b/ENOUT" won't be mapped to RAM because it is too sparse
INFO: [Common 17-14] Message 'Synth 8-5546' appears 100 times and further instances of the messages will be disabled. Use the Tcl command set_msg_config to change the current settings.
INFO: [Synth 8-3332] Sequential element (no_softecc_sel_reg.ce_pri.sel_pipe_reg[6]) is unused and will be removed from module blk_mem_gen_mux.
INFO: [Synth 8-3332] Sequential element (no_softecc_sel_reg.ce_pri.sel_pipe_reg[5]) is unused and will be removed from module blk_mem_gen_mux.
INFO: [Synth 8-3332] Sequential element (no_softecc_sel_reg.ce_pri.sel_pipe_reg[4]) is unused and will be removed from module blk_mem_gen_mux.
INFO: [Synth 8-3332] Sequential element (no_softecc_sel_reg.ce_pri.sel_pipe_reg[3]) is unused and will be removed from module blk_mem_gen_mux.
INFO: [Synth 8-3332] Sequential element (no_softecc_sel_reg.ce_pri.sel_pipe_reg[2]) is unused and will be removed from module blk_mem_gen_mux.
INFO: [Synth 8-3332] Sequential element (no_softecc_sel_reg.ce_pri.sel_pipe_reg[1]) is unused and will be removed from module blk_mem_gen_mux.
INFO: [Synth 8-3332] Sequential element (no_softecc_sel_reg.ce_pri.sel_pipe_reg[0]) is unused and will be removed from module blk_mem_gen_mux.
---------------------------------------------------------------------------------
Finished Cross Boundary and Area Optimization : Time (s): cpu = 00:06:58 ; elapsed = 00:07:01 . Memory (MB): peak = 880.043 ; gain = 618.426
---------------------------------------------------------------------------------

Report RTL Partitions: 
+-+--------------+------------+----------+
| |RTL Partition |Replication |Instances |
+-+--------------+------------+----------+
+-+--------------+------------+----------+
---------------------------------------------------------------------------------
Start Applying XDC Timing Constraints
---------------------------------------------------------------------------------
---------------------------------------------------------------------------------
Finished Applying XDC Timing Constraints : Time (s): cpu = 00:07:11 ; elapsed = 00:07:15 . Memory (MB): peak = 880.043 ; gain = 618.426
---------------------------------------------------------------------------------
---------------------------------------------------------------------------------
Start Timing Optimization
---------------------------------------------------------------------------------
---------------------------------------------------------------------------------
Finished Timing Optimization : Time (s): cpu = 00:07:11 ; elapsed = 00:07:15 . Memory (MB): peak = 880.043 ; gain = 618.426
---------------------------------------------------------------------------------

Report RTL Partitions: 
+-+--------------+------------+----------+
| |RTL Partition |Replication |Instances |
+-+--------------+------------+----------+
+-+--------------+------------+----------+
---------------------------------------------------------------------------------
Start Technology Mapping
---------------------------------------------------------------------------------
---------------------------------------------------------------------------------
Finished Technology Mapping : Time (s): cpu = 00:07:11 ; elapsed = 00:07:15 . Memory (MB): peak = 880.043 ; gain = 618.426
---------------------------------------------------------------------------------

Report RTL Partitions: 
+-+--------------+------------+----------+
| |RTL Partition |Replication |Instances |
+-+--------------+------------+----------+
+-+--------------+------------+----------+
---------------------------------------------------------------------------------
Start IO Insertion
---------------------------------------------------------------------------------
---------------------------------------------------------------------------------
Start Flattening Before IO Insertion
---------------------------------------------------------------------------------
---------------------------------------------------------------------------------
Finished Flattening Before IO Insertion
---------------------------------------------------------------------------------
---------------------------------------------------------------------------------
Start Final Netlist Cleanup
---------------------------------------------------------------------------------
---------------------------------------------------------------------------------
Finished Final Netlist Cleanup
---------------------------------------------------------------------------------
---------------------------------------------------------------------------------
Finished IO Insertion : Time (s): cpu = 00:07:13 ; elapsed = 00:07:17 . Memory (MB): peak = 880.043 ; gain = 618.426
---------------------------------------------------------------------------------

Report Check Netlist: 
+------+------------------+-------+---------+-------+------------------+
|      |Item              |Errors |Warnings |Status |Description       |
+------+------------------+-------+---------+-------+------------------+
|1     |multi_driven_nets |      0|        0|Passed |Multi driven nets |
+------+------------------+-------+---------+-------+------------------+
---------------------------------------------------------------------------------
Start Renaming Generated Instances
---------------------------------------------------------------------------------
---------------------------------------------------------------------------------
Finished Renaming Generated Instances : Time (s): cpu = 00:07:13 ; elapsed = 00:07:17 . Memory (MB): peak = 880.043 ; gain = 618.426
---------------------------------------------------------------------------------

Report RTL Partitions: 
+-+--------------+------------+----------+
| |RTL Partition |Replication |Instances |
+-+--------------+------------+----------+
+-+--------------+------------+----------+
---------------------------------------------------------------------------------
Start Rebuilding User Hierarchy
---------------------------------------------------------------------------------
---------------------------------------------------------------------------------
Finished Rebuilding User Hierarchy : Time (s): cpu = 00:07:13 ; elapsed = 00:07:17 . Memory (MB): peak = 880.043 ; gain = 618.426
---------------------------------------------------------------------------------
---------------------------------------------------------------------------------
Start Renaming Generated Ports
---------------------------------------------------------------------------------
---------------------------------------------------------------------------------
Finished Renaming Generated Ports : Time (s): cpu = 00:07:13 ; elapsed = 00:07:17 . Memory (MB): peak = 880.043 ; gain = 618.426
---------------------------------------------------------------------------------
---------------------------------------------------------------------------------
Start Handling Custom Attributes
---------------------------------------------------------------------------------
---------------------------------------------------------------------------------
Finished Handling Custom Attributes : Time (s): cpu = 00:07:13 ; elapsed = 00:07:17 . Memory (MB): peak = 880.043 ; gain = 618.426
---------------------------------------------------------------------------------
---------------------------------------------------------------------------------
Start Renaming Generated Nets
---------------------------------------------------------------------------------
---------------------------------------------------------------------------------
Finished Renaming Generated Nets : Time (s): cpu = 00:07:13 ; elapsed = 00:07:17 . Memory (MB): peak = 880.043 ; gain = 618.426
---------------------------------------------------------------------------------
---------------------------------------------------------------------------------
Start Writing Synthesis Report
---------------------------------------------------------------------------------

Report BlackBoxes: 
+-+--------------+----------+
| |BlackBox name |Instances |
+-+--------------+----------+
+-+--------------+----------+

Report Cell Usage: 
+------+-----------+------+
|      |Cell       |Count |
+------+-----------+------+
|1     |LUT2       |     4|
|2     |LUT3       |     8|
|3     |LUT4       |    30|
|4     |LUT5       |   109|
|5     |LUT6       |   370|
|6     |MUXF7      |   108|
|7     |RAMB18E1   |     1|
|8     |RAMB36E1   |    36|
|9     |RAMB36E1_1 |     1|
|10    |RAMB36E1_2 |   100|
|11    |FDRE       |     9|
+------+-----------+------+

Report Instance Areas: 
+------+---------------------------------------------+-------------------------------------------+------+
|      |Instance                                     |Module                                     |Cells |
+------+---------------------------------------------+-------------------------------------------+------+
|1     |top                                          |                                           |   776|
|2     |  U0                                         |blk_mem_gen_v8_4_1                         |   776|
|3     |    inst_blk_mem_gen                         |blk_mem_gen_v8_4_1_synth                   |   776|
|4     |      \gnbram.gnativebmg.native_blk_mem_gen  |blk_mem_gen_top                            |   776|
|5     |        \valid.cstr                          |blk_mem_gen_generic_cstr                   |   776|
|6     |          \has_mux_b.B                       |blk_mem_gen_mux__parameterized0            |   402|
|7     |          \ramloop[0].ram.r                  |blk_mem_gen_prim_width                     |     1|
|8     |            \prim_noinit.ram                 |blk_mem_gen_prim_wrapper                   |     1|
|9     |          \ramloop[100].ram.r                |blk_mem_gen_prim_width__parameterized99    |     3|
|10    |            \prim_noinit.ram                 |blk_mem_gen_prim_wrapper__parameterized99  |     3|
|11    |          \ramloop[101].ram.r                |blk_mem_gen_prim_width__parameterized100   |     4|
|12    |            \prim_noinit.ram                 |blk_mem_gen_prim_wrapper__parameterized100 |     4|
|13    |          \ramloop[102].ram.r                |blk_mem_gen_prim_width__parameterized101   |     3|
|14    |            \prim_noinit.ram                 |blk_mem_gen_prim_wrapper__parameterized101 |     3|
|15    |          \ramloop[103].ram.r                |blk_mem_gen_prim_width__parameterized102   |     3|
|16    |            \prim_noinit.ram                 |blk_mem_gen_prim_wrapper__parameterized102 |     3|
|17    |          \ramloop[104].ram.r                |blk_mem_gen_prim_width__parameterized103   |     3|
|18    |            \prim_noinit.ram                 |blk_mem_gen_prim_wrapper__parameterized103 |     3|
|19    |          \ramloop[105].ram.r                |blk_mem_gen_prim_width__parameterized104   |     3|
|20    |            \prim_noinit.ram                 |blk_mem_gen_prim_wrapper__parameterized104 |     3|
|21    |          \ramloop[106].ram.r                |blk_mem_gen_prim_width__parameterized105   |     3|
|22    |            \prim_noinit.ram                 |blk_mem_gen_prim_wrapper__parameterized105 |     3|
|23    |          \ramloop[107].ram.r                |blk_mem_gen_prim_width__parameterized106   |     3|
|24    |            \prim_noinit.ram                 |blk_mem_gen_prim_wrapper__parameterized106 |     3|
|25    |          \ramloop[108].ram.r                |blk_mem_gen_prim_width__parameterized107   |     3|
|26    |            \prim_noinit.ram                 |blk_mem_gen_prim_wrapper__parameterized107 |     3|
|27    |          \ramloop[109].ram.r                |blk_mem_gen_prim_width__parameterized108   |     4|
|28    |            \prim_noinit.ram                 |blk_mem_gen_prim_wrapper__parameterized108 |     4|
|29    |          \ramloop[10].ram.r                 |blk_mem_gen_prim_width__parameterized9     |     1|
|30    |            \prim_noinit.ram                 |blk_mem_gen_prim_wrapper__parameterized9   |     1|
|31    |          \ramloop[110].ram.r                |blk_mem_gen_prim_width__parameterized109   |     3|
|32    |            \prim_noinit.ram                 |blk_mem_gen_prim_wrapper__parameterized109 |     3|
|33    |          \ramloop[111].ram.r                |blk_mem_gen_prim_width__parameterized110   |     3|
|34    |            \prim_noinit.ram                 |blk_mem_gen_prim_wrapper__parameterized110 |     3|
|35    |          \ramloop[112].ram.r                |blk_mem_gen_prim_width__parameterized111   |     3|
|36    |            \prim_noinit.ram                 |blk_mem_gen_prim_wrapper__parameterized111 |     3|
|37    |          \ramloop[113].ram.r                |blk_mem_gen_prim_width__parameterized112   |     4|
|38    |            \prim_noinit.ram                 |blk_mem_gen_prim_wrapper__parameterized112 |     4|
|39    |          \ramloop[114].ram.r                |blk_mem_gen_prim_width__parameterized113   |     3|
|40    |            \prim_noinit.ram                 |blk_mem_gen_prim_wrapper__parameterized113 |     3|
|41    |          \ramloop[115].ram.r                |blk_mem_gen_prim_width__parameterized114   |     3|
|42    |            \prim_noinit.ram                 |blk_mem_gen_prim_wrapper__parameterized114 |     3|
|43    |          \ramloop[116].ram.r                |blk_mem_gen_prim_width__parameterized115   |     3|
|44    |            \prim_noinit.ram                 |blk_mem_gen_prim_wrapper__parameterized115 |     3|
|45    |          \ramloop[117].ram.r                |blk_mem_gen_prim_width__parameterized116   |     3|
|46    |            \prim_noinit.ram                 |blk_mem_gen_prim_wrapper__parameterized116 |     3|
|47    |          \ramloop[118].ram.r                |blk_mem_gen_prim_width__parameterized117   |     3|
|48    |            \prim_noinit.ram                 |blk_mem_gen_prim_wrapper__parameterized117 |     3|
|49    |          \ramloop[119].ram.r                |blk_mem_gen_prim_width__parameterized118   |     3|
|50    |            \prim_noinit.ram                 |blk_mem_gen_prim_wrapper__parameterized118 |     3|
|51    |          \ramloop[11].ram.r                 |blk_mem_gen_prim_width__parameterized10    |     1|
|52    |            \prim_noinit.ram                 |blk_mem_gen_prim_wrapper__parameterized10  |     1|
|53    |          \ramloop[120].ram.r                |blk_mem_gen_prim_width__parameterized119   |     3|
|54    |            \prim_noinit.ram                 |blk_mem_gen_prim_wrapper__parameterized119 |     3|
|55    |          \ramloop[121].ram.r                |blk_mem_gen_prim_width__parameterized120   |     3|
|56    |            \prim_noinit.ram                 |blk_mem_gen_prim_wrapper__parameterized120 |     3|
|57    |          \ramloop[122].ram.r                |blk_mem_gen_prim_width__parameterized121   |     3|
|58    |            \prim_noinit.ram                 |blk_mem_gen_prim_wrapper__parameterized121 |     3|
|59    |          \ramloop[123].ram.r                |blk_mem_gen_prim_width__parameterized122   |     3|
|60    |            \prim_noinit.ram                 |blk_mem_gen_prim_wrapper__parameterized122 |     3|
|61    |          \ramloop[124].ram.r                |blk_mem_gen_prim_width__parameterized123   |     3|
|62    |            \prim_noinit.ram                 |blk_mem_gen_prim_wrapper__parameterized123 |     3|
|63    |          \ramloop[125].ram.r                |blk_mem_gen_prim_width__parameterized124   |     5|
|64    |            \prim_noinit.ram                 |blk_mem_gen_prim_wrapper__parameterized124 |     5|
|65    |          \ramloop[126].ram.r                |blk_mem_gen_prim_width__parameterized125   |     3|
|66    |            \prim_noinit.ram                 |blk_mem_gen_prim_wrapper__parameterized125 |     3|
|67    |          \ramloop[127].ram.r                |blk_mem_gen_prim_width__parameterized126   |     3|
|68    |            \prim_noinit.ram                 |blk_mem_gen_prim_wrapper__parameterized126 |     3|
|69    |          \ramloop[128].ram.r                |blk_mem_gen_prim_width__parameterized127   |     3|
|70    |            \prim_noinit.ram                 |blk_mem_gen_prim_wrapper__parameterized127 |     3|
|71    |          \ramloop[129].ram.r                |blk_mem_gen_prim_width__parameterized128   |     3|
|72    |            \prim_noinit.ram                 |blk_mem_gen_prim_wrapper__parameterized128 |     3|
|73    |          \ramloop[12].ram.r                 |blk_mem_gen_prim_width__parameterized11    |     1|
|74    |            \prim_noinit.ram                 |blk_mem_gen_prim_wrapper__parameterized11  |     1|
|75    |          \ramloop[130].ram.r                |blk_mem_gen_prim_width__parameterized129   |     3|
|76    |            \prim_noinit.ram                 |blk_mem_gen_prim_wrapper__parameterized129 |     3|
|77    |          \ramloop[131].ram.r                |blk_mem_gen_prim_width__parameterized130   |     3|
|78    |            \prim_noinit.ram                 |blk_mem_gen_prim_wrapper__parameterized130 |     3|
|79    |          \ramloop[132].ram.r                |blk_mem_gen_prim_width__parameterized131   |     3|
|80    |            \prim_noinit.ram                 |blk_mem_gen_prim_wrapper__parameterized131 |     3|
|81    |          \ramloop[133].ram.r                |blk_mem_gen_prim_width__parameterized132   |     5|
|82    |            \prim_noinit.ram                 |blk_mem_gen_prim_wrapper__parameterized132 |     5|
|83    |          \ramloop[134].ram.r                |blk_mem_gen_prim_width__parameterized133   |     3|
|84    |            \prim_noinit.ram                 |blk_mem_gen_prim_wrapper__parameterized133 |     3|
|85    |          \ramloop[135].ram.r                |blk_mem_gen_prim_width__parameterized134   |     5|
|86    |            \prim_noinit.ram                 |blk_mem_gen_prim_wrapper__parameterized134 |     5|
|87    |          \ramloop[136].ram.r                |blk_mem_gen_prim_width__parameterized135   |     3|
|88    |            \prim_noinit.ram                 |blk_mem_gen_prim_wrapper__parameterized135 |     3|
|89    |          \ramloop[137].ram.r                |blk_mem_gen_prim_width__parameterized136   |     3|
|90    |            \prim_noinit.ram                 |blk_mem_gen_prim_wrapper__parameterized136 |     3|
|91    |          \ramloop[13].ram.r                 |blk_mem_gen_prim_width__parameterized12    |     3|
|92    |            \prim_noinit.ram                 |blk_mem_gen_prim_wrapper__parameterized12  |     3|
|93    |          \ramloop[14].ram.r                 |blk_mem_gen_prim_width__parameterized13    |     3|
|94    |            \prim_noinit.ram                 |blk_mem_gen_prim_wrapper__parameterized13  |     3|
|95    |          \ramloop[15].ram.r                 |blk_mem_gen_prim_width__parameterized14    |     3|
|96    |            \prim_noinit.ram                 |blk_mem_gen_prim_wrapper__parameterized14  |     3|
|97    |          \ramloop[16].ram.r                 |blk_mem_gen_prim_width__parameterized15    |     3|
|98    |            \prim_noinit.ram                 |blk_mem_gen_prim_wrapper__parameterized15  |     3|
|99    |          \ramloop[17].ram.r                 |blk_mem_gen_prim_width__parameterized16    |     3|
|100   |            \prim_noinit.ram                 |blk_mem_gen_prim_wrapper__parameterized16  |     3|
|101   |          \ramloop[18].ram.r                 |blk_mem_gen_prim_width__parameterized17    |     3|
|102   |            \prim_noinit.ram                 |blk_mem_gen_prim_wrapper__parameterized17  |     3|
|103   |          \ramloop[19].ram.r                 |blk_mem_gen_prim_width__parameterized18    |     3|
|104   |            \prim_noinit.ram                 |blk_mem_gen_prim_wrapper__parameterized18  |     3|
|105   |          \ramloop[1].ram.r                  |blk_mem_gen_prim_width__parameterized0     |     1|
|106   |            \prim_noinit.ram                 |blk_mem_gen_prim_wrapper__parameterized0   |     1|
|107   |          \ramloop[20].ram.r                 |blk_mem_gen_prim_width__parameterized19    |     3|
|108   |            \prim_noinit.ram                 |blk_mem_gen_prim_wrapper__parameterized19  |     3|
|109   |          \ramloop[21].ram.r                 |blk_mem_gen_prim_width__parameterized20    |     3|
|110   |            \prim_noinit.ram                 |blk_mem_gen_prim_wrapper__parameterized20  |     3|
|111   |          \ramloop[22].ram.r                 |blk_mem_gen_prim_width__parameterized21    |     3|
|112   |            \prim_noinit.ram                 |blk_mem_gen_prim_wrapper__parameterized21  |     3|
|113   |          \ramloop[23].ram.r                 |blk_mem_gen_prim_width__parameterized22    |     3|
|114   |            \prim_noinit.ram                 |blk_mem_gen_prim_wrapper__parameterized22  |     3|
|115   |          \ramloop[24].ram.r                 |blk_mem_gen_prim_width__parameterized23    |     3|
|116   |            \prim_noinit.ram                 |blk_mem_gen_prim_wrapper__parameterized23  |     3|
|117   |          \ramloop[25].ram.r                 |blk_mem_gen_prim_width__parameterized24    |     1|
|118   |            \prim_noinit.ram                 |blk_mem_gen_prim_wrapper__parameterized24  |     1|
|119   |          \ramloop[26].ram.r                 |blk_mem_gen_prim_width__parameterized25    |     1|
|120   |            \prim_noinit.ram                 |blk_mem_gen_prim_wrapper__parameterized25  |     1|
|121   |          \ramloop[27].ram.r                 |blk_mem_gen_prim_width__parameterized26    |     1|
|122   |            \prim_noinit.ram                 |blk_mem_gen_prim_wrapper__parameterized26  |     1|
|123   |          \ramloop[28].ram.r                 |blk_mem_gen_prim_width__parameterized27    |     1|
|124   |            \prim_noinit.ram                 |blk_mem_gen_prim_wrapper__parameterized27  |     1|
|125   |          \ramloop[29].ram.r                 |blk_mem_gen_prim_width__parameterized28    |     1|
|126   |            \prim_noinit.ram                 |blk_mem_gen_prim_wrapper__parameterized28  |     1|
|127   |          \ramloop[2].ram.r                  |blk_mem_gen_prim_width__parameterized1     |     1|
|128   |            \prim_noinit.ram                 |blk_mem_gen_prim_wrapper__parameterized1   |     1|
|129   |          \ramloop[30].ram.r                 |blk_mem_gen_prim_width__parameterized29    |     1|
|130   |            \prim_noinit.ram                 |blk_mem_gen_prim_wrapper__parameterized29  |     1|
|131   |          \ramloop[31].ram.r                 |blk_mem_gen_prim_width__parameterized30    |     1|
|132   |            \prim_noinit.ram                 |blk_mem_gen_prim_wrapper__parameterized30  |     1|
|133   |          \ramloop[32].ram.r                 |blk_mem_gen_prim_width__parameterized31    |     1|
|134   |            \prim_noinit.ram                 |blk_mem_gen_prim_wrapper__parameterized31  |     1|
|135   |          \ramloop[33].ram.r                 |blk_mem_gen_prim_width__parameterized32    |     1|
|136   |            \prim_noinit.ram                 |blk_mem_gen_prim_wrapper__parameterized32  |     1|
|137   |          \ramloop[34].ram.r                 |blk_mem_gen_prim_width__parameterized33    |     1|
|138   |            \prim_noinit.ram                 |blk_mem_gen_prim_wrapper__parameterized33  |     1|
|139   |          \ramloop[35].ram.r                 |blk_mem_gen_prim_width__parameterized34    |     1|
|140   |            \prim_noinit.ram                 |blk_mem_gen_prim_wrapper__parameterized34  |     1|
|141   |          \ramloop[36].ram.r                 |blk_mem_gen_prim_width__parameterized35    |     1|
|142   |            \prim_noinit.ram                 |blk_mem_gen_prim_wrapper__parameterized35  |     1|
|143   |          \ramloop[37].ram.r                 |blk_mem_gen_prim_width__parameterized36    |     1|
|144   |            \prim_noinit.ram                 |blk_mem_gen_prim_wrapper__parameterized36  |     1|
|145   |          \ramloop[38].ram.r                 |blk_mem_gen_prim_width__parameterized37    |     3|
|146   |            \prim_noinit.ram                 |blk_mem_gen_prim_wrapper__parameterized37  |     3|
|147   |          \ramloop[39].ram.r                 |blk_mem_gen_prim_width__parameterized38    |     3|
|148   |            \prim_noinit.ram                 |blk_mem_gen_prim_wrapper__parameterized38  |     3|
|149   |          \ramloop[3].ram.r                  |blk_mem_gen_prim_width__parameterized2     |     1|
|150   |            \prim_noinit.ram                 |blk_mem_gen_prim_wrapper__parameterized2   |     1|
|151   |          \ramloop[40].ram.r                 |blk_mem_gen_prim_width__parameterized39    |     3|
|152   |            \prim_noinit.ram                 |blk_mem_gen_prim_wrapper__parameterized39  |     3|
|153   |          \ramloop[41].ram.r                 |blk_mem_gen_prim_width__parameterized40    |     3|
|154   |            \prim_noinit.ram                 |blk_mem_gen_prim_wrapper__parameterized40  |     3|
|155   |          \ramloop[42].ram.r                 |blk_mem_gen_prim_width__parameterized41    |     3|
|156   |            \prim_noinit.ram                 |blk_mem_gen_prim_wrapper__parameterized41  |     3|
|157   |          \ramloop[43].ram.r                 |blk_mem_gen_prim_width__parameterized42    |     3|
|158   |            \prim_noinit.ram                 |blk_mem_gen_prim_wrapper__parameterized42  |     3|
|159   |          \ramloop[44].ram.r                 |blk_mem_gen_prim_width__parameterized43    |     3|
|160   |            \prim_noinit.ram                 |blk_mem_gen_prim_wrapper__parameterized43  |     3|
|161   |          \ramloop[45].ram.r                 |blk_mem_gen_prim_width__parameterized44    |     3|
|162   |            \prim_noinit.ram                 |blk_mem_gen_prim_wrapper__parameterized44  |     3|
|163   |          \ramloop[46].ram.r                 |blk_mem_gen_prim_width__parameterized45    |     3|
|164   |            \prim_noinit.ram                 |blk_mem_gen_prim_wrapper__parameterized45  |     3|
|165   |          \ramloop[47].ram.r                 |blk_mem_gen_prim_width__parameterized46    |     3|
|166   |            \prim_noinit.ram                 |blk_mem_gen_prim_wrapper__parameterized46  |     3|
|167   |          \ramloop[48].ram.r                 |blk_mem_gen_prim_width__parameterized47    |     3|
|168   |            \prim_noinit.ram                 |blk_mem_gen_prim_wrapper__parameterized47  |     3|
|169   |          \ramloop[49].ram.r                 |blk_mem_gen_prim_width__parameterized48    |     3|
|170   |            \prim_noinit.ram                 |blk_mem_gen_prim_wrapper__parameterized48  |     3|
|171   |          \ramloop[4].ram.r                  |blk_mem_gen_prim_width__parameterized3     |     1|
|172   |            \prim_noinit.ram                 |blk_mem_gen_prim_wrapper__parameterized3   |     1|
|173   |          \ramloop[50].ram.r                 |blk_mem_gen_prim_width__parameterized49    |     3|
|174   |            \prim_noinit.ram                 |blk_mem_gen_prim_wrapper__parameterized49  |     3|
|175   |          \ramloop[51].ram.r                 |blk_mem_gen_prim_width__parameterized50    |     3|
|176   |            \prim_noinit.ram                 |blk_mem_gen_prim_wrapper__parameterized50  |     3|
|177   |          \ramloop[52].ram.r                 |blk_mem_gen_prim_width__parameterized51    |     3|
|178   |            \prim_noinit.ram                 |blk_mem_gen_prim_wrapper__parameterized51  |     3|
|179   |          \ramloop[53].ram.r                 |blk_mem_gen_prim_width__parameterized52    |     3|
|180   |            \prim_noinit.ram                 |blk_mem_gen_prim_wrapper__parameterized52  |     3|
|181   |          \ramloop[54].ram.r                 |blk_mem_gen_prim_width__parameterized53    |     3|
|182   |            \prim_noinit.ram                 |blk_mem_gen_prim_wrapper__parameterized53  |     3|
|183   |          \ramloop[55].ram.r                 |blk_mem_gen_prim_width__parameterized54    |     3|
|184   |            \prim_noinit.ram                 |blk_mem_gen_prim_wrapper__parameterized54  |     3|
|185   |          \ramloop[56].ram.r                 |blk_mem_gen_prim_width__parameterized55    |     3|
|186   |            \prim_noinit.ram                 |blk_mem_gen_prim_wrapper__parameterized55  |     3|
|187   |          \ramloop[57].ram.r                 |blk_mem_gen_prim_width__parameterized56    |     3|
|188   |            \prim_noinit.ram                 |blk_mem_gen_prim_wrapper__parameterized56  |     3|
|189   |          \ramloop[58].ram.r                 |blk_mem_gen_prim_width__parameterized57    |     3|
|190   |            \prim_noinit.ram                 |blk_mem_gen_prim_wrapper__parameterized57  |     3|
|191   |          \ramloop[59].ram.r                 |blk_mem_gen_prim_width__parameterized58    |     3|
|192   |            \prim_noinit.ram                 |blk_mem_gen_prim_wrapper__parameterized58  |     3|
|193   |          \ramloop[5].ram.r                  |blk_mem_gen_prim_width__parameterized4     |     1|
|194   |            \prim_noinit.ram                 |blk_mem_gen_prim_wrapper__parameterized4   |     1|
|195   |          \ramloop[60].ram.r                 |blk_mem_gen_prim_width__parameterized59    |     3|
|196   |            \prim_noinit.ram                 |blk_mem_gen_prim_wrapper__parameterized59  |     3|
|197   |          \ramloop[61].ram.r                 |blk_mem_gen_prim_width__parameterized60    |     4|
|198   |            \prim_noinit.ram                 |blk_mem_gen_prim_wrapper__parameterized60  |     4|
|199   |          \ramloop[62].ram.r                 |blk_mem_gen_prim_width__parameterized61    |     3|
|200   |            \prim_noinit.ram                 |blk_mem_gen_prim_wrapper__parameterized61  |     3|
|201   |          \ramloop[63].ram.r                 |blk_mem_gen_prim_width__parameterized62    |     3|
|202   |            \prim_noinit.ram                 |blk_mem_gen_prim_wrapper__parameterized62  |     3|
|203   |          \ramloop[64].ram.r                 |blk_mem_gen_prim_width__parameterized63    |     3|
|204   |            \prim_noinit.ram                 |blk_mem_gen_prim_wrapper__parameterized63  |     3|
|205   |          \ramloop[65].ram.r                 |blk_mem_gen_prim_width__parameterized64    |     3|
|206   |            \prim_noinit.ram                 |blk_mem_gen_prim_wrapper__parameterized64  |     3|
|207   |          \ramloop[66].ram.r                 |blk_mem_gen_prim_width__parameterized65    |     3|
|208   |            \prim_noinit.ram                 |blk_mem_gen_prim_wrapper__parameterized65  |     3|
|209   |          \ramloop[67].ram.r                 |blk_mem_gen_prim_width__parameterized66    |     3|
|210   |            \prim_noinit.ram                 |blk_mem_gen_prim_wrapper__parameterized66  |     3|
|211   |          \ramloop[68].ram.r                 |blk_mem_gen_prim_width__parameterized67    |     3|
|212   |            \prim_noinit.ram                 |blk_mem_gen_prim_wrapper__parameterized67  |     3|
|213   |          \ramloop[69].ram.r                 |blk_mem_gen_prim_width__parameterized68    |     4|
|214   |            \prim_noinit.ram                 |blk_mem_gen_prim_wrapper__parameterized68  |     4|
|215   |          \ramloop[6].ram.r                  |blk_mem_gen_prim_width__parameterized5     |     1|
|216   |            \prim_noinit.ram                 |blk_mem_gen_prim_wrapper__parameterized5   |     1|
|217   |          \ramloop[70].ram.r                 |blk_mem_gen_prim_width__parameterized69    |     3|
|218   |            \prim_noinit.ram                 |blk_mem_gen_prim_wrapper__parameterized69  |     3|
|219   |          \ramloop[71].ram.r                 |blk_mem_gen_prim_width__parameterized70    |     3|
|220   |            \prim_noinit.ram                 |blk_mem_gen_prim_wrapper__parameterized70  |     3|
|221   |          \ramloop[72].ram.r                 |blk_mem_gen_prim_width__parameterized71    |     3|
|222   |            \prim_noinit.ram                 |blk_mem_gen_prim_wrapper__parameterized71  |     3|
|223   |          \ramloop[73].ram.r                 |blk_mem_gen_prim_width__parameterized72    |     3|
|224   |            \prim_noinit.ram                 |blk_mem_gen_prim_wrapper__parameterized72  |     3|
|225   |          \ramloop[74].ram.r                 |blk_mem_gen_prim_width__parameterized73    |     3|
|226   |            \prim_noinit.ram                 |blk_mem_gen_prim_wrapper__parameterized73  |     3|
|227   |          \ramloop[75].ram.r                 |blk_mem_gen_prim_width__parameterized74    |     3|
|228   |            \prim_noinit.ram                 |blk_mem_gen_prim_wrapper__parameterized74  |     3|
|229   |          \ramloop[76].ram.r                 |blk_mem_gen_prim_width__parameterized75    |     3|
|230   |            \prim_noinit.ram                 |blk_mem_gen_prim_wrapper__parameterized75  |     3|
|231   |          \ramloop[77].ram.r                 |blk_mem_gen_prim_width__parameterized76    |     3|
|232   |            \prim_noinit.ram                 |blk_mem_gen_prim_wrapper__parameterized76  |     3|
|233   |          \ramloop[78].ram.r                 |blk_mem_gen_prim_width__parameterized77    |     3|
|234   |            \prim_noinit.ram                 |blk_mem_gen_prim_wrapper__parameterized77  |     3|
|235   |          \ramloop[79].ram.r                 |blk_mem_gen_prim_width__parameterized78    |     3|
|236   |            \prim_noinit.ram                 |blk_mem_gen_prim_wrapper__parameterized78  |     3|
|237   |          \ramloop[7].ram.r                  |blk_mem_gen_prim_width__parameterized6     |     1|
|238   |            \prim_noinit.ram                 |blk_mem_gen_prim_wrapper__parameterized6   |     1|
|239   |          \ramloop[80].ram.r                 |blk_mem_gen_prim_width__parameterized79    |     3|
|240   |            \prim_noinit.ram                 |blk_mem_gen_prim_wrapper__parameterized79  |     3|
|241   |          \ramloop[81].ram.r                 |blk_mem_gen_prim_width__parameterized80    |     3|
|242   |            \prim_noinit.ram                 |blk_mem_gen_prim_wrapper__parameterized80  |     3|
|243   |          \ramloop[82].ram.r                 |blk_mem_gen_prim_width__parameterized81    |     3|
|244   |            \prim_noinit.ram                 |blk_mem_gen_prim_wrapper__parameterized81  |     3|
|245   |          \ramloop[83].ram.r                 |blk_mem_gen_prim_width__parameterized82    |     3|
|246   |            \prim_noinit.ram                 |blk_mem_gen_prim_wrapper__parameterized82  |     3|
|247   |          \ramloop[84].ram.r                 |blk_mem_gen_prim_width__parameterized83    |     3|
|248   |            \prim_noinit.ram                 |blk_mem_gen_prim_wrapper__parameterized83  |     3|
|249   |          \ramloop[85].ram.r                 |blk_mem_gen_prim_width__parameterized84    |     3|
|250   |            \prim_noinit.ram                 |blk_mem_gen_prim_wrapper__parameterized84  |     3|
|251   |          \ramloop[86].ram.r                 |blk_mem_gen_prim_width__parameterized85    |     3|
|252   |            \prim_noinit.ram                 |blk_mem_gen_prim_wrapper__parameterized85  |     3|
|253   |          \ramloop[87].ram.r                 |blk_mem_gen_prim_width__parameterized86    |     3|
|254   |            \prim_noinit.ram                 |blk_mem_gen_prim_wrapper__parameterized86  |     3|
|255   |          \ramloop[88].ram.r                 |blk_mem_gen_prim_width__parameterized87    |     3|
|256   |            \prim_noinit.ram                 |blk_mem_gen_prim_wrapper__parameterized87  |     3|
|257   |          \ramloop[89].ram.r                 |blk_mem_gen_prim_width__parameterized88    |     3|
|258   |            \prim_noinit.ram                 |blk_mem_gen_prim_wrapper__parameterized88  |     3|
|259   |          \ramloop[8].ram.r                  |blk_mem_gen_prim_width__parameterized7     |     1|
|260   |            \prim_noinit.ram                 |blk_mem_gen_prim_wrapper__parameterized7   |     1|
|261   |          \ramloop[90].ram.r                 |blk_mem_gen_prim_width__parameterized89    |     3|
|262   |            \prim_noinit.ram                 |blk_mem_gen_prim_wrapper__parameterized89  |     3|
|263   |          \ramloop[91].ram.r                 |blk_mem_gen_prim_width__parameterized90    |     3|
|264   |            \prim_noinit.ram                 |blk_mem_gen_prim_wrapper__parameterized90  |     3|
|265   |          \ramloop[92].ram.r                 |blk_mem_gen_prim_width__parameterized91    |     3|
|266   |            \prim_noinit.ram                 |blk_mem_gen_prim_wrapper__parameterized91  |     3|
|267   |          \ramloop[93].ram.r                 |blk_mem_gen_prim_width__parameterized92    |     4|
|268   |            \prim_noinit.ram                 |blk_mem_gen_prim_wrapper__parameterized92  |     4|
|269   |          \ramloop[94].ram.r                 |blk_mem_gen_prim_width__parameterized93    |     3|
|270   |            \prim_noinit.ram                 |blk_mem_gen_prim_wrapper__parameterized93  |     3|
|271   |          \ramloop[95].ram.r                 |blk_mem_gen_prim_width__parameterized94    |     3|
|272   |            \prim_noinit.ram                 |blk_mem_gen_prim_wrapper__parameterized94  |     3|
|273   |          \ramloop[96].ram.r                 |blk_mem_gen_prim_width__parameterized95    |     3|
|274   |            \prim_noinit.ram                 |blk_mem_gen_prim_wrapper__parameterized95  |     3|
|275   |          \ramloop[97].ram.r                 |blk_mem_gen_prim_width__parameterized96    |     3|
|276   |            \prim_noinit.ram                 |blk_mem_gen_prim_wrapper__parameterized96  |     3|
|277   |          \ramloop[98].ram.r                 |blk_mem_gen_prim_width__parameterized97    |     3|
|278   |            \prim_noinit.ram                 |blk_mem_gen_prim_wrapper__parameterized97  |     3|
|279   |          \ramloop[99].ram.r                 |blk_mem_gen_prim_width__parameterized98    |     3|
|280   |            \prim_noinit.ram                 |blk_mem_gen_prim_wrapper__parameterized98  |     3|
|281   |          \ramloop[9].ram.r                  |blk_mem_gen_prim_width__parameterized8     |     1|
|282   |            \prim_noinit.ram                 |blk_mem_gen_prim_wrapper__parameterized8   |     1|
+------+---------------------------------------------+-------------------------------------------+------+
---------------------------------------------------------------------------------
Finished Writing Synthesis Report : Time (s): cpu = 00:07:13 ; elapsed = 00:07:17 . Memory (MB): peak = 880.043 ; gain = 618.426
---------------------------------------------------------------------------------
Synthesis finished with 0 errors, 0 critical warnings and 3277 warnings.
Synthesis Optimization Runtime : Time (s): cpu = 00:00:31 ; elapsed = 00:07:06 . Memory (MB): peak = 880.043 ; gain = 459.246
Synthesis Optimization Complete : Time (s): cpu = 00:07:13 ; elapsed = 00:07:17 . Memory (MB): peak = 880.043 ; gain = 618.426
INFO: [Project 1-571] Translating synthesized netlist
INFO: [Netlist 29-17] Analyzing 246 Unisim elements for replacement
INFO: [Netlist 29-28] Unisim Transformation completed in 0 CPU seconds
INFO: [Project 1-570] Preparing netlist for logic optimization
INFO: [Opt 31-138] Pushed 0 inverter(s) to 0 load pin(s).
INFO: [Project 1-111] Unisim Transformation Summary:
No Unisim elements were transformed.

INFO: [Common 17-83] Releasing license: Synthesis
125 Infos, 100 Warnings, 0 Critical Warnings and 0 Errors encountered.
synth_design completed successfully
synth_design: Time (s): cpu = 00:07:17 ; elapsed = 00:07:21 . Memory (MB): peak = 880.043 ; gain = 629.898
INFO: [Common 17-1381] The checkpoint 'E:/Proj_ZYNQ/CAM_VGA/CAM_VGA.runs/blk_mem_gen_0_synth_1/blk_mem_gen_0.dcp' has been generated.
INFO: [Coretcl 2-1482] Added synthesis output to IP cache for IP e:/Proj_ZYNQ/CAM_VGA/CAM_VGA.srcs/sources_1/ip/blk_mem_gen_0/blk_mem_gen_0.xci
INFO: [Coretcl 2-1174] Renamed 281 cell refs.
INFO: [Common 17-1381] The checkpoint 'E:/Proj_ZYNQ/CAM_VGA/CAM_VGA.runs/blk_mem_gen_0_synth_1/blk_mem_gen_0.dcp' has been generated.
INFO: [runtcl-4] Executing : report_utilization -file blk_mem_gen_0_utilization_synth.rpt -pb blk_mem_gen_0_utilization_synth.pb
report_utilization: Time (s): cpu = 00:00:00 ; elapsed = 00:00:00.052 . Memory (MB): peak = 880.043 ; gain = 0.000
INFO: [Common 17-206] Exiting Vivado at Sun Jan 21 07:55:04 2018...
