Copyright 1986-2017 Xilinx, Inc. All Rights Reserved.
----------------------------------------------------------------------------------------------------------------------------------------------------------------------------------------------
| Tool Version     : Vivado v.2017.4 (win64) Build 2086221 Fri Dec 15 20:55:39 MST 2017
| Date             : Sun Feb  4 18:44:31 2018
| Host             : ALEXYZHOV running 64-bit major release  (build 9200)
| Command          : report_power -file CAM_PS_Configure_wrapper_power_routed.rpt -pb CAM_PS_Configure_wrapper_power_summary_routed.pb -rpx CAM_PS_Configure_wrapper_power_routed.rpx
| Design           : CAM_PS_Configure_wrapper
| Device           : xc7z020clg484-1
| Design State     : routed
| Grade            : commercial
| Process          : typical
| Characterization : Production
----------------------------------------------------------------------------------------------------------------------------------------------------------------------------------------------

Power Report

Table of Contents
-----------------
1. Summary
1.1 On-Chip Components
1.2 Power Supply Summary
1.3 Confidence Level
2. Settings
2.1 Environment
2.2 Clock Constraints
3. Detailed Reports
3.1 By Hierarchy

1. Summary
----------

+--------------------------+--------------+
| Total On-Chip Power (W)  | 1.815        |
| Design Power Budget (W)  | Unspecified* |
| Power Budget Margin (W)  | NA           |
| Dynamic (W)              | 1.655        |
| Device Static (W)        | 0.160        |
| Effective TJA (C/W)      | 11.5         |
| Max Ambient (C)          | 64.1         |
| Junction Temperature (C) | 45.9         |
| Confidence Level         | Low          |
| Setting File             | ---          |
| Simulation Activity File | ---          |
| Design Nets Matched      | NA           |
+--------------------------+--------------+
* Specify Design Power Budget using, set_operating_conditions -design_power_budget <value in Watts>


1.1 On-Chip Components
----------------------

+-------------------------+-----------+----------+-----------+-----------------+
| On-Chip                 | Power (W) | Used     | Available | Utilization (%) |
+-------------------------+-----------+----------+-----------+-----------------+
| Clocks                  |     0.006 |        7 |       --- |             --- |
| Slice Logic             |     0.001 |     2548 |       --- |             --- |
|   LUT as Logic          |     0.001 |      925 |     53200 |            1.74 |
|   Register              |    <0.001 |      805 |    106400 |            0.76 |
|   CARRY4                |    <0.001 |       28 |     13300 |            0.21 |
|   BUFG                  |    <0.001 |        1 |        32 |            3.13 |
|   F7/F8 Muxes           |    <0.001 |      108 |     53200 |            0.20 |
|   LUT as Shift Register |    <0.001 |       60 |     17400 |            0.34 |
|   Others                |     0.000 |      479 |       --- |             --- |
| Signals                 |     0.004 |     2584 |       --- |             --- |
| Block RAM               |     0.004 |    137.5 |       140 |           98.21 |
| MMCM                    |     0.106 |        1 |         4 |           25.00 |
| I/O                     |     0.002 |       36 |       200 |           18.00 |
| PS7                     |     1.532 |        1 |       --- |             --- |
| Static Power            |     0.160 |          |           |                 |
| Total                   |     1.815 |          |           |                 |
+-------------------------+-----------+----------+-----------+-----------------+


1.2 Power Supply Summary
------------------------

+-----------+-------------+-----------+-------------+------------+
| Source    | Voltage (V) | Total (A) | Dynamic (A) | Static (A) |
+-----------+-------------+-----------+-------------+------------+
| Vccint    |       1.000 |     0.036 |       0.015 |      0.021 |
| Vccaux    |       1.800 |     0.074 |       0.059 |      0.016 |
| Vcco33    |       3.300 |     0.001 |       0.000 |      0.001 |
| Vcco25    |       2.500 |     0.000 |       0.000 |      0.000 |
| Vcco18    |       1.800 |     0.000 |       0.000 |      0.000 |
| Vcco15    |       1.500 |     0.000 |       0.000 |      0.000 |
| Vcco135   |       1.350 |     0.000 |       0.000 |      0.000 |
| Vcco12    |       1.200 |     0.000 |       0.000 |      0.000 |
| Vccaux_io |       1.800 |     0.000 |       0.000 |      0.000 |
| Vccbram   |       1.000 |     0.010 |       0.000 |      0.010 |
| MGTAVcc   |       1.000 |     0.000 |       0.000 |      0.000 |
| MGTAVtt   |       1.200 |     0.000 |       0.000 |      0.000 |
| MGTVccaux |       1.800 |     0.000 |       0.000 |      0.000 |
| Vccpint   |       1.000 |     0.755 |       0.723 |      0.032 |
| Vccpaux   |       1.800 |     0.061 |       0.050 |      0.010 |
| Vccpll    |       1.800 |     0.018 |       0.015 |      0.003 |
| Vcco_ddr  |       1.500 |     0.459 |       0.457 |      0.002 |
| Vcco_mio0 |       1.800 |     0.004 |       0.003 |      0.001 |
| Vcco_mio1 |       1.800 |     0.001 |       0.000 |      0.001 |
| Vccadc    |       1.800 |     0.020 |       0.000 |      0.020 |
+-----------+-------------+-----------+-------------+------------+


1.3 Confidence Level
--------------------

+-----------------------------+------------+--------------------------------------------------------+--------------------------------------------------------------------------------------------------------------------+
| User Input Data             | Confidence | Details                                                | Action                                                                                                             |
+-----------------------------+------------+--------------------------------------------------------+--------------------------------------------------------------------------------------------------------------------+
| Design implementation state | High       | Design is routed                                       |                                                                                                                    |
| Clock nodes activity        | Medium     | More than 5% of clocks are missing user specification  | Provide missing clock activity with a constraint file, simulation results or by editing the "By Clock Domain" view |
| I/O nodes activity          | Low        | More than 75% of inputs are missing user specification | Provide missing input activity with simulation results or by editing the "By Resource Type -> I/Os" view           |
| Internal nodes activity     | Medium     | User specified less than 25% of internal nodes         | Provide missing internal nodes activity with simulation results or by editing the "By Resource Type" views         |
| Device models               | High       | Device models are Production                           |                                                                                                                    |
|                             |            |                                                        |                                                                                                                    |
| Overall confidence level    | Low        |                                                        |                                                                                                                    |
+-----------------------------+------------+--------------------------------------------------------+--------------------------------------------------------------------------------------------------------------------+


2. Settings
-----------

2.1 Environment
---------------

+-----------------------+------------------------+
| Ambient Temp (C)      | 25.0                   |
| ThetaJA (C/W)         | 11.5                   |
| Airflow (LFM)         | 250                    |
| Heat Sink             | none                   |
| ThetaSA (C/W)         | 0.0                    |
| Board Selection       | medium (10"x10")       |
| # of Board Layers     | 8to11 (8 to 11 Layers) |
| Board Temperature (C) | 25.0                   |
+-----------------------+------------------------+


2.2 Clock Constraints
---------------------

+------------------+---------------------------------------------------------------------+-----------------+
| Clock            | Domain                                                              | Constraint (ns) |
+------------------+---------------------------------------------------------------------+-----------------+
| clk100           | clk100                                                              |            10.0 |
| clk_fpga_0       | CAM_PS_Configure_i/processing_system7_0/inst/FCLK_CLK_unbuffered[0] |            10.0 |
| clk_out1_clk_gen | CAM_7725/user_clock/inst/clk_out1_clk_gen                           |            20.0 |
| clk_out2_clk_gen | CAM_7725/user_clock/inst/clk_out2_clk_gen                           |            40.0 |
| clkfbout_clk_gen | CAM_7725/user_clock/inst/clkfbout_clk_gen                           |            10.0 |
+------------------+---------------------------------------------------------------------+-----------------+


3. Detailed Reports
-------------------

3.1 By Hierarchy
----------------

+--------------------------------------------------+-----------+
| Name                                             | Power (W) |
+--------------------------------------------------+-----------+
| CAM_PS_Configure_wrapper                         |     1.655 |
|   CAM_7725                                       |     0.115 |
|     frame_buffer                                 |     0.006 |
|       U0                                         |     0.006 |
|         inst_blk_mem_gen                         |     0.006 |
|           gnbram.gnativebmg.native_blk_mem_gen   |     0.006 |
|             valid.cstr                           |     0.006 |
|               has_mux_b.B                        |    <0.001 |
|               ramloop[0].ram.r                   |    <0.001 |
|                 prim_noinit.ram                  |    <0.001 |
|               ramloop[100].ram.r                 |    <0.001 |
|                 prim_noinit.ram                  |    <0.001 |
|               ramloop[101].ram.r                 |    <0.001 |
|                 prim_noinit.ram                  |    <0.001 |
|               ramloop[102].ram.r                 |    <0.001 |
|                 prim_noinit.ram                  |    <0.001 |
|               ramloop[103].ram.r                 |    <0.001 |
|                 prim_noinit.ram                  |    <0.001 |
|               ramloop[104].ram.r                 |    <0.001 |
|                 prim_noinit.ram                  |    <0.001 |
|               ramloop[105].ram.r                 |    <0.001 |
|                 prim_noinit.ram                  |    <0.001 |
|               ramloop[106].ram.r                 |    <0.001 |
|                 prim_noinit.ram                  |    <0.001 |
|               ramloop[107].ram.r                 |    <0.001 |
|                 prim_noinit.ram                  |    <0.001 |
|               ramloop[108].ram.r                 |    <0.001 |
|                 prim_noinit.ram                  |    <0.001 |
|               ramloop[109].ram.r                 |    <0.001 |
|                 prim_noinit.ram                  |    <0.001 |
|               ramloop[10].ram.r                  |    <0.001 |
|                 prim_noinit.ram                  |    <0.001 |
|               ramloop[110].ram.r                 |    <0.001 |
|                 prim_noinit.ram                  |    <0.001 |
|               ramloop[111].ram.r                 |    <0.001 |
|                 prim_noinit.ram                  |    <0.001 |
|               ramloop[112].ram.r                 |    <0.001 |
|                 prim_noinit.ram                  |    <0.001 |
|               ramloop[113].ram.r                 |    <0.001 |
|                 prim_noinit.ram                  |    <0.001 |
|               ramloop[114].ram.r                 |    <0.001 |
|                 prim_noinit.ram                  |    <0.001 |
|               ramloop[115].ram.r                 |    <0.001 |
|                 prim_noinit.ram                  |    <0.001 |
|               ramloop[116].ram.r                 |    <0.001 |
|                 prim_noinit.ram                  |    <0.001 |
|               ramloop[117].ram.r                 |    <0.001 |
|                 prim_noinit.ram                  |    <0.001 |
|               ramloop[118].ram.r                 |    <0.001 |
|                 prim_noinit.ram                  |    <0.001 |
|               ramloop[119].ram.r                 |    <0.001 |
|                 prim_noinit.ram                  |    <0.001 |
|               ramloop[11].ram.r                  |    <0.001 |
|                 prim_noinit.ram                  |    <0.001 |
|               ramloop[120].ram.r                 |    <0.001 |
|                 prim_noinit.ram                  |    <0.001 |
|               ramloop[121].ram.r                 |    <0.001 |
|                 prim_noinit.ram                  |    <0.001 |
|               ramloop[122].ram.r                 |    <0.001 |
|                 prim_noinit.ram                  |    <0.001 |
|               ramloop[123].ram.r                 |    <0.001 |
|                 prim_noinit.ram                  |    <0.001 |
|               ramloop[124].ram.r                 |    <0.001 |
|                 prim_noinit.ram                  |    <0.001 |
|               ramloop[125].ram.r                 |    <0.001 |
|                 prim_noinit.ram                  |    <0.001 |
|               ramloop[126].ram.r                 |    <0.001 |
|                 prim_noinit.ram                  |    <0.001 |
|               ramloop[127].ram.r                 |    <0.001 |
|                 prim_noinit.ram                  |    <0.001 |
|               ramloop[128].ram.r                 |    <0.001 |
|                 prim_noinit.ram                  |    <0.001 |
|               ramloop[129].ram.r                 |    <0.001 |
|                 prim_noinit.ram                  |    <0.001 |
|               ramloop[12].ram.r                  |    <0.001 |
|                 prim_noinit.ram                  |    <0.001 |
|               ramloop[130].ram.r                 |    <0.001 |
|                 prim_noinit.ram                  |    <0.001 |
|               ramloop[131].ram.r                 |    <0.001 |
|                 prim_noinit.ram                  |    <0.001 |
|               ramloop[132].ram.r                 |    <0.001 |
|                 prim_noinit.ram                  |    <0.001 |
|               ramloop[133].ram.r                 |    <0.001 |
|                 prim_noinit.ram                  |    <0.001 |
|               ramloop[134].ram.r                 |    <0.001 |
|                 prim_noinit.ram                  |    <0.001 |
|               ramloop[135].ram.r                 |    <0.001 |
|                 prim_noinit.ram                  |    <0.001 |
|               ramloop[136].ram.r                 |    <0.001 |
|                 prim_noinit.ram                  |    <0.001 |
|               ramloop[137].ram.r                 |    <0.001 |
|                 prim_noinit.ram                  |    <0.001 |
|               ramloop[13].ram.r                  |    <0.001 |
|                 prim_noinit.ram                  |    <0.001 |
|               ramloop[14].ram.r                  |    <0.001 |
|                 prim_noinit.ram                  |    <0.001 |
|               ramloop[15].ram.r                  |    <0.001 |
|                 prim_noinit.ram                  |    <0.001 |
|               ramloop[16].ram.r                  |    <0.001 |
|                 prim_noinit.ram                  |    <0.001 |
|               ramloop[17].ram.r                  |    <0.001 |
|                 prim_noinit.ram                  |    <0.001 |
|               ramloop[18].ram.r                  |    <0.001 |
|                 prim_noinit.ram                  |    <0.001 |
|               ramloop[19].ram.r                  |    <0.001 |
|                 prim_noinit.ram                  |    <0.001 |
|               ramloop[1].ram.r                   |    <0.001 |
|                 prim_noinit.ram                  |    <0.001 |
|               ramloop[20].ram.r                  |    <0.001 |
|                 prim_noinit.ram                  |    <0.001 |
|               ramloop[21].ram.r                  |    <0.001 |
|                 prim_noinit.ram                  |    <0.001 |
|               ramloop[22].ram.r                  |    <0.001 |
|                 prim_noinit.ram                  |    <0.001 |
|               ramloop[23].ram.r                  |    <0.001 |
|                 prim_noinit.ram                  |    <0.001 |
|               ramloop[24].ram.r                  |    <0.001 |
|                 prim_noinit.ram                  |    <0.001 |
|               ramloop[25].ram.r                  |    <0.001 |
|                 prim_noinit.ram                  |    <0.001 |
|               ramloop[26].ram.r                  |    <0.001 |
|                 prim_noinit.ram                  |    <0.001 |
|               ramloop[27].ram.r                  |    <0.001 |
|                 prim_noinit.ram                  |    <0.001 |
|               ramloop[28].ram.r                  |    <0.001 |
|                 prim_noinit.ram                  |    <0.001 |
|               ramloop[29].ram.r                  |    <0.001 |
|                 prim_noinit.ram                  |    <0.001 |
|               ramloop[2].ram.r                   |    <0.001 |
|                 prim_noinit.ram                  |    <0.001 |
|               ramloop[30].ram.r                  |    <0.001 |
|                 prim_noinit.ram                  |    <0.001 |
|               ramloop[31].ram.r                  |    <0.001 |
|                 prim_noinit.ram                  |    <0.001 |
|               ramloop[32].ram.r                  |    <0.001 |
|                 prim_noinit.ram                  |    <0.001 |
|               ramloop[33].ram.r                  |    <0.001 |
|                 prim_noinit.ram                  |    <0.001 |
|               ramloop[34].ram.r                  |    <0.001 |
|                 prim_noinit.ram                  |    <0.001 |
|               ramloop[35].ram.r                  |    <0.001 |
|                 prim_noinit.ram                  |    <0.001 |
|               ramloop[36].ram.r                  |    <0.001 |
|                 prim_noinit.ram                  |    <0.001 |
|               ramloop[37].ram.r                  |    <0.001 |
|                 prim_noinit.ram                  |    <0.001 |
|               ramloop[38].ram.r                  |    <0.001 |
|                 prim_noinit.ram                  |    <0.001 |
|               ramloop[39].ram.r                  |    <0.001 |
|                 prim_noinit.ram                  |    <0.001 |
|               ramloop[3].ram.r                   |    <0.001 |
|                 prim_noinit.ram                  |    <0.001 |
|               ramloop[40].ram.r                  |    <0.001 |
|                 prim_noinit.ram                  |    <0.001 |
|               ramloop[41].ram.r                  |    <0.001 |
|                 prim_noinit.ram                  |    <0.001 |
|               ramloop[42].ram.r                  |    <0.001 |
|                 prim_noinit.ram                  |    <0.001 |
|               ramloop[43].ram.r                  |    <0.001 |
|                 prim_noinit.ram                  |    <0.001 |
|               ramloop[44].ram.r                  |    <0.001 |
|                 prim_noinit.ram                  |    <0.001 |
|               ramloop[45].ram.r                  |    <0.001 |
|                 prim_noinit.ram                  |    <0.001 |
|               ramloop[46].ram.r                  |    <0.001 |
|                 prim_noinit.ram                  |    <0.001 |
|               ramloop[47].ram.r                  |    <0.001 |
|                 prim_noinit.ram                  |    <0.001 |
|               ramloop[48].ram.r                  |    <0.001 |
|                 prim_noinit.ram                  |    <0.001 |
|               ramloop[49].ram.r                  |    <0.001 |
|                 prim_noinit.ram                  |    <0.001 |
|               ramloop[4].ram.r                   |    <0.001 |
|                 prim_noinit.ram                  |    <0.001 |
|               ramloop[50].ram.r                  |    <0.001 |
|                 prim_noinit.ram                  |    <0.001 |
|               ramloop[51].ram.r                  |    <0.001 |
|                 prim_noinit.ram                  |    <0.001 |
|               ramloop[52].ram.r                  |    <0.001 |
|                 prim_noinit.ram                  |    <0.001 |
|               ramloop[53].ram.r                  |    <0.001 |
|                 prim_noinit.ram                  |    <0.001 |
|               ramloop[54].ram.r                  |    <0.001 |
|                 prim_noinit.ram                  |    <0.001 |
|               ramloop[55].ram.r                  |    <0.001 |
|                 prim_noinit.ram                  |    <0.001 |
|               ramloop[56].ram.r                  |    <0.001 |
|                 prim_noinit.ram                  |    <0.001 |
|               ramloop[57].ram.r                  |    <0.001 |
|                 prim_noinit.ram                  |    <0.001 |
|               ramloop[58].ram.r                  |    <0.001 |
|                 prim_noinit.ram                  |    <0.001 |
|               ramloop[59].ram.r                  |    <0.001 |
|                 prim_noinit.ram                  |    <0.001 |
|               ramloop[5].ram.r                   |    <0.001 |
|                 prim_noinit.ram                  |    <0.001 |
|               ramloop[60].ram.r                  |    <0.001 |
|                 prim_noinit.ram                  |    <0.001 |
|               ramloop[61].ram.r                  |    <0.001 |
|                 prim_noinit.ram                  |    <0.001 |
|               ramloop[62].ram.r                  |    <0.001 |
|                 prim_noinit.ram                  |    <0.001 |
|               ramloop[63].ram.r                  |    <0.001 |
|                 prim_noinit.ram                  |    <0.001 |
|               ramloop[64].ram.r                  |    <0.001 |
|                 prim_noinit.ram                  |    <0.001 |
|               ramloop[65].ram.r                  |    <0.001 |
|                 prim_noinit.ram                  |    <0.001 |
|               ramloop[66].ram.r                  |    <0.001 |
|                 prim_noinit.ram                  |    <0.001 |
|               ramloop[67].ram.r                  |    <0.001 |
|                 prim_noinit.ram                  |    <0.001 |
|               ramloop[68].ram.r                  |    <0.001 |
|                 prim_noinit.ram                  |    <0.001 |
|               ramloop[69].ram.r                  |    <0.001 |
|                 prim_noinit.ram                  |    <0.001 |
|               ramloop[6].ram.r                   |    <0.001 |
|                 prim_noinit.ram                  |    <0.001 |
|               ramloop[70].ram.r                  |    <0.001 |
|                 prim_noinit.ram                  |    <0.001 |
|               ramloop[71].ram.r                  |    <0.001 |
|                 prim_noinit.ram                  |    <0.001 |
|               ramloop[72].ram.r                  |    <0.001 |
|                 prim_noinit.ram                  |    <0.001 |
|               ramloop[73].ram.r                  |    <0.001 |
|                 prim_noinit.ram                  |    <0.001 |
|               ramloop[74].ram.r                  |    <0.001 |
|                 prim_noinit.ram                  |    <0.001 |
|               ramloop[75].ram.r                  |    <0.001 |
|                 prim_noinit.ram                  |    <0.001 |
|               ramloop[76].ram.r                  |    <0.001 |
|                 prim_noinit.ram                  |    <0.001 |
|               ramloop[77].ram.r                  |    <0.001 |
|                 prim_noinit.ram                  |    <0.001 |
|               ramloop[78].ram.r                  |    <0.001 |
|                 prim_noinit.ram                  |    <0.001 |
|               ramloop[79].ram.r                  |    <0.001 |
|                 prim_noinit.ram                  |    <0.001 |
|               ramloop[7].ram.r                   |    <0.001 |
|                 prim_noinit.ram                  |    <0.001 |
|               ramloop[80].ram.r                  |    <0.001 |
|                 prim_noinit.ram                  |    <0.001 |
|               ramloop[81].ram.r                  |    <0.001 |
|                 prim_noinit.ram                  |    <0.001 |
|               ramloop[82].ram.r                  |    <0.001 |
|                 prim_noinit.ram                  |    <0.001 |
|               ramloop[83].ram.r                  |    <0.001 |
|                 prim_noinit.ram                  |    <0.001 |
|               ramloop[84].ram.r                  |    <0.001 |
|                 prim_noinit.ram                  |    <0.001 |
|               ramloop[85].ram.r                  |    <0.001 |
|                 prim_noinit.ram                  |    <0.001 |
|               ramloop[86].ram.r                  |    <0.001 |
|                 prim_noinit.ram                  |    <0.001 |
|               ramloop[87].ram.r                  |    <0.001 |
|                 prim_noinit.ram                  |    <0.001 |
|               ramloop[88].ram.r                  |    <0.001 |
|                 prim_noinit.ram                  |    <0.001 |
|               ramloop[89].ram.r                  |    <0.001 |
|                 prim_noinit.ram                  |    <0.001 |
|               ramloop[8].ram.r                   |    <0.001 |
|                 prim_noinit.ram                  |    <0.001 |
|               ramloop[90].ram.r                  |    <0.001 |
|                 prim_noinit.ram                  |    <0.001 |
|               ramloop[91].ram.r                  |    <0.001 |
|                 prim_noinit.ram                  |    <0.001 |
|               ramloop[92].ram.r                  |    <0.001 |
|                 prim_noinit.ram                  |    <0.001 |
|               ramloop[93].ram.r                  |    <0.001 |
|                 prim_noinit.ram                  |    <0.001 |
|               ramloop[94].ram.r                  |    <0.001 |
|                 prim_noinit.ram                  |    <0.001 |
|               ramloop[95].ram.r                  |    <0.001 |
|                 prim_noinit.ram                  |    <0.001 |
|               ramloop[96].ram.r                  |    <0.001 |
|                 prim_noinit.ram                  |    <0.001 |
|               ramloop[97].ram.r                  |    <0.001 |
|                 prim_noinit.ram                  |    <0.001 |
|               ramloop[98].ram.r                  |    <0.001 |
|                 prim_noinit.ram                  |    <0.001 |
|               ramloop[99].ram.r                  |    <0.001 |
|                 prim_noinit.ram                  |    <0.001 |
|               ramloop[9].ram.r                   |    <0.001 |
|                 prim_noinit.ram                  |    <0.001 |
|     frame_capture                                |     0.002 |
|     user_clock                                   |     0.106 |
|       inst                                       |     0.106 |
|     vga_display                                  |    <0.001 |
|   CAM_PS_Configure_i                             |     1.538 |
|     axi_gpio_0                                   |    <0.001 |
|       U0                                         |    <0.001 |
|         AXI_LITE_IPIF_I                          |    <0.001 |
|           I_SLAVE_ATTACHMENT                     |    <0.001 |
|             I_DECODER                            |    <0.001 |
|         gpio_core_1                              |    <0.001 |
|           Not_Dual.INPUT_DOUBLE_REGS3            |    <0.001 |
|     processing_system7_0                         |     1.533 |
|       inst                                       |     1.533 |
|     ps7_0_axi_periph                             |     0.005 |
|       s00_couplers                               |     0.005 |
|         auto_pc                                  |     0.005 |
|           inst                                   |     0.005 |
|             gen_axilite.gen_b2s_conv.axilite_b2s |     0.005 |
|               RD.ar_channel_0                    |    <0.001 |
|                 ar_cmd_fsm_0                     |    <0.001 |
|                 cmd_translator_0                 |    <0.001 |
|                   incr_cmd_0                     |    <0.001 |
|                   wrap_cmd_0                     |    <0.001 |
|               RD.r_channel_0                     |    <0.001 |
|                 rd_data_fifo_0                   |    <0.001 |
|                 transaction_fifo_0               |    <0.001 |
|               SI_REG                             |     0.002 |
|                 ar.ar_pipe                       |    <0.001 |
|                 aw.aw_pipe                       |    <0.001 |
|                 b.b_pipe                         |    <0.001 |
|                 r.r_pipe                         |    <0.001 |
|               WR.aw_channel_0                    |    <0.001 |
|                 aw_cmd_fsm_0                     |    <0.001 |
|                 cmd_translator_0                 |    <0.001 |
|                   incr_cmd_0                     |    <0.001 |
|                   wrap_cmd_0                     |    <0.001 |
|               WR.b_channel_0                     |    <0.001 |
|                 bid_fifo_0                       |    <0.001 |
|                 bresp_fifo_0                     |    <0.001 |
|     rst_ps7_0_100M                               |    <0.001 |
|       U0                                         |    <0.001 |
|         EXT_LPF                                  |    <0.001 |
|           ACTIVE_LOW_AUX.ACT_LO_AUX              |    <0.001 |
|           ACTIVE_LOW_EXT.ACT_LO_EXT              |    <0.001 |
|         SEQ                                      |    <0.001 |
|           SEQ_COUNTER                            |    <0.001 |
|   GPIO_0_0_tri_iobuf_0                           |    <0.001 |
|   GPIO_0_0_tri_iobuf_1                           |    <0.001 |
+--------------------------------------------------+-----------+


